{"/home/travis/build/npmtest/node-npmtest-validate.js/test.js":{"path":"/home/travis/build/npmtest/node-npmtest-validate.js/test.js","s":{"1":2,"2":2,"3":2,"4":2,"5":2,"6":2,"7":2,"8":1,"9":2,"10":2,"11":1,"12":1,"13":1,"14":1,"15":2,"16":2,"17":2,"18":2,"19":1,"20":1,"21":2,"22":2,"23":2,"24":1,"25":1,"26":1,"27":1,"28":1,"29":1,"30":1,"31":1,"32":1,"33":1,"34":1,"35":1,"36":1,"37":1,"38":1,"39":2,"40":2,"41":1,"42":2,"43":2,"44":1,"45":2,"46":2,"47":1,"48":2,"49":2,"50":1,"51":1,"52":1,"53":1,"54":1},"b":{"1":[2,1,1,1],"2":[1,1,1,1],"3":[1,1],"4":[1,1],"5":[1,1],"6":[1,1],"7":[1,1],"8":[1,1],"9":[1,1],"10":[1,1,1],"11":[1,1],"12":[1,1],"13":[1,1],"14":[1,1],"15":[1,1],"16":[1,1],"17":[1,1]},"f":{"1":2,"2":2,"3":2,"4":2,"5":2,"6":1,"7":1,"8":1,"9":2,"10":2,"11":2,"12":2,"13":1},"fnMap":{"1":{"name":"(anonymous_1)","line":12,"loc":{"start":{"line":12,"column":1},"end":{"line":12,"column":13}}},"2":{"name":"(anonymous_2)","line":19,"loc":{"start":{"line":19,"column":5},"end":{"line":19,"column":17}}},"3":{"name":"(anonymous_3)","line":23,"loc":{"start":{"line":23,"column":24},"end":{"line":23,"column":36}}},"4":{"name":"(anonymous_4)","line":61,"loc":{"start":{"line":61,"column":5},"end":{"line":61,"column":17}}},"5":{"name":"(anonymous_5)","line":82,"loc":{"start":{"line":82,"column":5},"end":{"line":82,"column":17}}},"6":{"name":"(anonymous_6)","line":91,"loc":{"start":{"line":91,"column":77},"end":{"line":94,"column":10}}},"7":{"name":"(anonymous_7)","line":112,"loc":{"start":{"line":112,"column":83},"end":{"line":115,"column":10}},"skip":true},"8":{"name":"(anonymous_8)","line":123,"loc":{"start":{"line":123,"column":77},"end":{"line":126,"column":10}},"skip":true},"9":{"name":"(anonymous_9)","line":139,"loc":{"start":{"line":139,"column":12},"end":{"line":139,"column":40}},"skip":true},"10":{"name":"(anonymous_10)","line":147,"loc":{"start":{"line":147,"column":77},"end":{"line":150,"column":10}},"skip":true},"11":{"name":"(anonymous_11)","line":158,"loc":{"start":{"line":158,"column":83},"end":{"line":161,"column":10}},"skip":true},"12":{"name":"(anonymous_12)","line":169,"loc":{"start":{"line":169,"column":79},"end":{"line":172,"column":10}},"skip":true},"13":{"name":"(anonymous_13)","line":180,"loc":{"start":{"line":180,"column":75},"end":{"line":183,"column":10}},"skip":true}},"statementMap":{"1":{"start":{"line":12,"column":0},"end":{"line":195,"column":5}},"2":{"start":{"line":14,"column":4},"end":{"line":14,"column":14}},"3":{"start":{"line":19,"column":4},"end":{"line":56,"column":9}},"4":{"start":{"line":21,"column":8},"end":{"line":21,"column":19}},"5":{"start":{"line":23,"column":8},"end":{"line":35,"column":13}},"6":{"start":{"line":24,"column":12},"end":{"line":34,"column":13}},"7":{"start":{"line":25,"column":16},"end":{"line":28,"column":30}},"8":{"start":{"line":30,"column":16},"end":{"line":33,"column":27}},"9":{"start":{"line":37,"column":8},"end":{"line":39,"column":21}},"10":{"start":{"line":40,"column":8},"end":{"line":53,"column":9}},"11":{"start":{"line":43,"column":12},"end":{"line":46,"column":14}},"12":{"start":{"line":47,"column":12},"end":{"line":47,"column":18}},"13":{"start":{"line":50,"column":12},"end":{"line":51,"column":46}},"14":{"start":{"line":52,"column":12},"end":{"line":52,"column":18}},"15":{"start":{"line":55,"column":8},"end":{"line":55,"column":35}},"16":{"start":{"line":61,"column":4},"end":{"line":63,"column":9}},"17":{"start":{"line":62,"column":8},"end":{"line":62,"column":15}},"18":{"start":{"line":64,"column":4},"end":{"line":77,"column":5}},"19":{"start":{"line":70,"column":8},"end":{"line":70,"column":14}},"20":{"start":{"line":76,"column":8},"end":{"line":76,"column":14}},"21":{"start":{"line":82,"column":4},"end":{"line":84,"column":9}},"22":{"start":{"line":83,"column":8},"end":{"line":83,"column":15}},"23":{"start":{"line":85,"column":4},"end":{"line":194,"column":5}},"24":{"start":{"line":91,"column":8},"end":{"line":99,"column":10}},"25":{"start":{"line":98,"column":12},"end":{"line":98,"column":35}},"26":{"start":{"line":102,"column":8},"end":{"line":104,"column":63}},"27":{"start":{"line":105,"column":8},"end":{"line":105,"column":14}},"28":{"start":{"line":112,"column":8},"end":{"line":121,"column":10},"skip":true},"29":{"start":{"line":119,"column":12},"end":{"line":119,"column":55},"skip":true},"30":{"start":{"line":120,"column":12},"end":{"line":120,"column":48},"skip":true},"31":{"start":{"line":123,"column":8},"end":{"line":136,"column":10},"skip":true},"32":{"start":{"line":130,"column":12},"end":{"line":130,"column":76},"skip":true},"33":{"start":{"line":131,"column":12},"end":{"line":131,"column":73},"skip":true},"34":{"start":{"line":132,"column":12},"end":{"line":132,"column":74},"skip":true},"35":{"start":{"line":133,"column":12},"end":{"line":133,"column":79},"skip":true},"36":{"start":{"line":134,"column":12},"end":{"line":134,"column":25},"skip":true},"37":{"start":{"line":135,"column":12},"end":{"line":135,"column":45},"skip":true},"38":{"start":{"line":138,"column":8},"end":{"line":145,"column":14},"skip":true},"39":{"start":{"line":143,"column":16},"end":{"line":143,"column":29},"skip":true},"40":{"start":{"line":144,"column":16},"end":{"line":144,"column":55},"skip":true},"41":{"start":{"line":147,"column":8},"end":{"line":156,"column":10},"skip":true},"42":{"start":{"line":154,"column":12},"end":{"line":154,"column":25},"skip":true},"43":{"start":{"line":155,"column":12},"end":{"line":155,"column":45},"skip":true},"44":{"start":{"line":158,"column":8},"end":{"line":167,"column":10},"skip":true},"45":{"start":{"line":165,"column":12},"end":{"line":165,"column":25},"skip":true},"46":{"start":{"line":166,"column":12},"end":{"line":166,"column":48},"skip":true},"47":{"start":{"line":169,"column":8},"end":{"line":178,"column":10},"skip":true},"48":{"start":{"line":176,"column":12},"end":{"line":176,"column":25},"skip":true},"49":{"start":{"line":177,"column":12},"end":{"line":177,"column":46},"skip":true},"50":{"start":{"line":180,"column":8},"end":{"line":189,"column":10},"skip":true},"51":{"start":{"line":187,"column":12},"end":{"line":187,"column":94},"skip":true},"52":{"start":{"line":188,"column":12},"end":{"line":188,"column":48},"skip":true},"53":{"start":{"line":192,"column":8},"end":{"line":192,"column":35},"skip":true},"54":{"start":{"line":193,"column":8},"end":{"line":193,"column":14},"skip":true}},"branchMap":{"1":{"line":25,"type":"binary-expr","locations":[{"start":{"line":25,"column":23},"end":{"line":25,"column":62}},{"start":{"line":26,"column":20},"end":{"line":26,"column":70}},{"start":{"line":27,"column":20},"end":{"line":27,"column":71}},{"start":{"line":28,"column":20},"end":{"line":28,"column":29}}]},"2":{"line":30,"type":"binary-expr","locations":[{"start":{"line":30,"column":23},"end":{"line":30,"column":37}},{"start":{"line":31,"column":20},"end":{"line":31,"column":61}},{"start":{"line":32,"column":20},"end":{"line":32,"column":70}},{"start":{"line":33,"column":20},"end":{"line":33,"column":26}}]},"3":{"line":37,"type":"cond-expr","locations":[{"start":{"line":38,"column":14},"end":{"line":38,"column":20}},{"start":{"line":39,"column":14},"end":{"line":39,"column":20}}]},"4":{"line":40,"type":"switch","locations":[{"start":{"line":42,"column":8},"end":{"line":47,"column":18}},{"start":{"line":49,"column":8},"end":{"line":52,"column":18}}]},"5":{"line":44,"type":"binary-expr","locations":[{"start":{"line":44,"column":16},"end":{"line":44,"column":44}},{"start":{"line":44,"column":48},"end":{"line":44,"column":66}}]},"6":{"line":50,"type":"binary-expr","locations":[{"start":{"line":50,"column":21},"end":{"line":50,"column":49}},{"start":{"line":50,"column":53},"end":{"line":50,"column":72}}]},"7":{"line":64,"type":"switch","locations":[{"start":{"line":69,"column":4},"end":{"line":70,"column":14}},{"start":{"line":75,"column":4},"end":{"line":76,"column":14}}]},"8":{"line":85,"type":"switch","locations":[{"start":{"line":90,"column":4},"end":{"line":105,"column":14}},{"start":{"line":111,"column":4},"end":{"line":193,"column":14},"skip":true}]},"9":{"line":91,"type":"binary-expr","locations":[{"start":{"line":91,"column":42},"end":{"line":91,"column":73}},{"start":{"line":91,"column":77},"end":{"line":99,"column":9}}]},"10":{"line":102,"type":"binary-expr","locations":[{"start":{"line":102,"column":18},"end":{"line":102,"column":32}},{"start":{"line":103,"column":12},"end":{"line":103,"column":53}},{"start":{"line":104,"column":12},"end":{"line":104,"column":61}}]},"11":{"line":112,"type":"binary-expr","locations":[{"start":{"line":112,"column":45},"end":{"line":112,"column":79},"skip":true},{"start":{"line":112,"column":83},"end":{"line":121,"column":9},"skip":true}]},"12":{"line":123,"type":"binary-expr","locations":[{"start":{"line":123,"column":42},"end":{"line":123,"column":73},"skip":true},{"start":{"line":123,"column":77},"end":{"line":136,"column":9},"skip":true}]},"13":{"line":138,"type":"binary-expr","locations":[{"start":{"line":138,"column":48},"end":{"line":138,"column":85},"skip":true},{"start":{"line":139,"column":12},"end":{"line":145,"column":13},"skip":true}]},"14":{"line":147,"type":"binary-expr","locations":[{"start":{"line":147,"column":42},"end":{"line":147,"column":73},"skip":true},{"start":{"line":147,"column":77},"end":{"line":156,"column":9},"skip":true}]},"15":{"line":158,"type":"binary-expr","locations":[{"start":{"line":158,"column":45},"end":{"line":158,"column":79},"skip":true},{"start":{"line":158,"column":83},"end":{"line":167,"column":9},"skip":true}]},"16":{"line":169,"type":"binary-expr","locations":[{"start":{"line":169,"column":43},"end":{"line":169,"column":75},"skip":true},{"start":{"line":169,"column":79},"end":{"line":178,"column":9},"skip":true}]},"17":{"line":180,"type":"binary-expr","locations":[{"start":{"line":180,"column":41},"end":{"line":180,"column":71},"skip":true},{"start":{"line":180,"column":75},"end":{"line":189,"column":9},"skip":true}]}},"code":["/* istanbul instrument in package npmtest_validate_js */","/*jslint","    bitwise: true,","    browser: true,","    maxerr: 8,","    maxlen: 96,","    node: true,","    nomen: true,","    regexp: true,","    stupid: true","*/","(function () {","    'use strict';","    var local;","","","","    // run shared js-env code - pre-init","    (function () {","        // init local","        local = {};","        // init modeJs","        local.modeJs = (function () {","            try {","                return typeof navigator.userAgent === 'string' &&","                    typeof document.querySelector('body') === 'object' &&","                    typeof XMLHttpRequest.prototype.open === 'function' &&","                    'browser';","            } catch (errorCaughtBrowser) {","                return module.exports &&","                    typeof process.versions.node === 'string' &&","                    typeof require('http').createServer === 'function' &&","                    'node';","            }","        }());","        // init global","        local.global = local.modeJs === 'browser'","            ? window","            : global;","        switch (local.modeJs) {","        // re-init local from window.local","        case 'browser':","            local = local.global.utility2.objectSetDefault(","                local.global.utility2_rollup || local.global.local,","                local.global.utility2","            );","            break;","        // re-init local from example.js","        case 'node':","            local = (local.global.utility2_rollup || require('utility2'))","                .requireExampleJsFromReadme();","            break;","        }","        // export local","        local.global.local = local;","    }());","","","","    // run shared js-env code - function","    (function () {","        return;","    }());","    switch (local.modeJs) {","","","","    // run browser js-env code - function","    case 'browser':","        break;","","","","    // run node js-env code - function","    case 'node':","        break;","    }","","","","    // run shared js-env code - post-init","    (function () {","        return;","    }());","    switch (local.modeJs) {","","","","    // run browser js-env code - post-init","    case 'browser':","        local.testCase_browser_nullCase = local.testCase_browser_nullCase || function (","            options,","            onError","        ) {","        /*","         * this function will test browsers's null-case handling-behavior-behavior","         */","            onError(null, options);","        };","","        // run tests","        local.nop(local.modeTest &&","            document.querySelector('#testRunButton1') &&","            document.querySelector('#testRunButton1').click());","        break;","","","","    // run node js-env code - post-init","    /* istanbul ignore next */","    case 'node':","        local.testCase_buildApidoc_default = local.testCase_buildApidoc_default || function (","            options,","            onError","        ) {","        /*","         * this function will test buildApidoc's default handling-behavior-behavior","         */","            options = { modulePathList: module.paths };","            local.buildApidoc(options, onError);","        };","","        local.testCase_buildApp_default = local.testCase_buildApp_default || function (","            options,","            onError","        ) {","        /*","         * this function will test buildApp's default handling-behavior-behavior","         */","            local.testCase_buildReadme_default(options, local.onErrorThrow);","            local.testCase_buildLib_default(options, local.onErrorThrow);","            local.testCase_buildTest_default(options, local.onErrorThrow);","            local.testCase_buildCustomOrg_default(options, local.onErrorThrow);","            options = [];","            local.buildApp(options, onError);","        };","","        local.testCase_buildCustomOrg_default = local.testCase_buildCustomOrg_default ||","            function (options, onError) {","            /*","             * this function will test buildCustomOrg's default handling-behavior","             */","                options = {};","                local.buildCustomOrg(options, onError);","            };","","        local.testCase_buildLib_default = local.testCase_buildLib_default || function (","            options,","            onError","        ) {","        /*","         * this function will test buildLib's default handling-behavior","         */","            options = {};","            local.buildLib(options, onError);","        };","","        local.testCase_buildReadme_default = local.testCase_buildReadme_default || function (","            options,","            onError","        ) {","        /*","         * this function will test buildReadme's default handling-behavior-behavior","         */","            options = {};","            local.buildReadme(options, onError);","        };","","        local.testCase_buildTest_default = local.testCase_buildTest_default || function (","            options,","            onError","        ) {","        /*","         * this function will test buildTest's default handling-behavior","         */","            options = {};","            local.buildTest(options, onError);","        };","","        local.testCase_webpage_default = local.testCase_webpage_default || function (","            options,","            onError","        ) {","        /*","         * this function will test webpage's default handling-behavior","         */","            options = { modeCoverageMerge: true, url: local.serverLocalHost + '?modeTest=1' };","            local.browserTest(options, onError);","        };","","        // run test-server","        local.testRunServer(local);","        break;","    }","}());",""],"l":{"12":2,"14":2,"19":2,"21":2,"23":2,"24":2,"25":2,"30":1,"37":2,"40":2,"43":1,"47":1,"50":1,"52":1,"55":2,"61":2,"62":2,"64":2,"70":1,"76":1,"82":2,"83":2,"85":2,"91":1,"98":1,"102":1,"105":1,"112":1,"119":1,"120":1,"123":1,"130":1,"131":1,"132":1,"133":1,"134":1,"135":1,"138":1,"143":2,"144":2,"147":1,"154":2,"155":2,"158":1,"165":2,"166":2,"169":1,"176":2,"177":2,"180":1,"187":1,"188":1,"192":1,"193":1}},"/home/travis/build/npmtest/node-npmtest-validate.js/lib.npmtest_validate.js.js":{"path":"/home/travis/build/npmtest/node-npmtest-validate.js/lib.npmtest_validate.js.js","s":{"1":2,"2":2,"3":2,"4":2,"5":2,"6":2,"7":2,"8":1,"9":2,"10":2,"11":2,"12":2,"13":1,"14":1,"15":1,"16":1},"b":{"1":[2,1,1,1],"2":[1,1,1,1],"3":[1,1],"4":[2,2],"5":[1,1]},"f":{"1":2,"2":2,"3":2},"fnMap":{"1":{"name":"(anonymous_1)","line":12,"loc":{"start":{"line":12,"column":1},"end":{"line":12,"column":13}}},"2":{"name":"(anonymous_2)","line":19,"loc":{"start":{"line":19,"column":5},"end":{"line":19,"column":17}}},"3":{"name":"(anonymous_3)","line":23,"loc":{"start":{"line":23,"column":24},"end":{"line":23,"column":36}}}},"statementMap":{"1":{"start":{"line":12,"column":0},"end":{"line":53,"column":5}},"2":{"start":{"line":14,"column":4},"end":{"line":14,"column":14}},"3":{"start":{"line":19,"column":4},"end":{"line":52,"column":9}},"4":{"start":{"line":21,"column":8},"end":{"line":21,"column":19}},"5":{"start":{"line":23,"column":8},"end":{"line":35,"column":13}},"6":{"start":{"line":24,"column":12},"end":{"line":34,"column":13}},"7":{"start":{"line":25,"column":16},"end":{"line":28,"column":30}},"8":{"start":{"line":30,"column":16},"end":{"line":33,"column":27}},"9":{"start":{"line":37,"column":8},"end":{"line":39,"column":21}},"10":{"start":{"line":41,"column":8},"end":{"line":41,"column":54}},"11":{"start":{"line":43,"column":8},"end":{"line":43,"column":56}},"12":{"start":{"line":45,"column":8},"end":{"line":51,"column":9}},"13":{"start":{"line":46,"column":12},"end":{"line":46,"column":62}},"14":{"start":{"line":48,"column":12},"end":{"line":48,"column":35}},"15":{"start":{"line":49,"column":12},"end":{"line":49,"column":49}},"16":{"start":{"line":50,"column":12},"end":{"line":50,"column":43}}},"branchMap":{"1":{"line":25,"type":"binary-expr","locations":[{"start":{"line":25,"column":23},"end":{"line":25,"column":62}},{"start":{"line":26,"column":20},"end":{"line":26,"column":70}},{"start":{"line":27,"column":20},"end":{"line":27,"column":71}},{"start":{"line":28,"column":20},"end":{"line":28,"column":29}}]},"2":{"line":30,"type":"binary-expr","locations":[{"start":{"line":30,"column":23},"end":{"line":30,"column":37}},{"start":{"line":31,"column":20},"end":{"line":31,"column":61}},{"start":{"line":32,"column":20},"end":{"line":32,"column":70}},{"start":{"line":33,"column":20},"end":{"line":33,"column":26}}]},"3":{"line":37,"type":"cond-expr","locations":[{"start":{"line":38,"column":14},"end":{"line":38,"column":20}},{"start":{"line":39,"column":14},"end":{"line":39,"column":20}}]},"4":{"line":41,"type":"binary-expr","locations":[{"start":{"line":41,"column":16},"end":{"line":41,"column":44}},{"start":{"line":41,"column":48},"end":{"line":41,"column":53}}]},"5":{"line":45,"type":"if","locations":[{"start":{"line":45,"column":8},"end":{"line":45,"column":8}},{"start":{"line":45,"column":8},"end":{"line":45,"column":8}}]}},"code":["/* istanbul instrument in package npmtest_validate_js */","/*jslint","    bitwise: true,","    browser: true,","    maxerr: 8,","    maxlen: 96,","    node: true,","    nomen: true,","    regexp: true,","    stupid: true","*/","(function () {","    'use strict';","    var local;","","","","    // run shared js-env code - pre-init","    (function () {","        // init local","        local = {};","        // init modeJs","        local.modeJs = (function () {","            try {","                return typeof navigator.userAgent === 'string' &&","                    typeof document.querySelector('body') === 'object' &&","                    typeof XMLHttpRequest.prototype.open === 'function' &&","                    'browser';","            } catch (errorCaughtBrowser) {","                return module.exports &&","                    typeof process.versions.node === 'string' &&","                    typeof require('http').createServer === 'function' &&","                    'node';","            }","        }());","        // init global","        local.global = local.modeJs === 'browser'","            ? window","            : global;","        // init utility2_rollup","        local = local.global.utility2_rollup || local;","        // init lib","        local.local = local.npmtest_validate_js = local;","        // init exports","        if (local.modeJs === 'browser') {","            local.global.utility2_npmtest_validate_js = local;","        } else {","            module.exports = local;","            module.exports.__dirname = __dirname;","            module.exports.module = module;","        }","    }());","}());",""],"l":{"12":2,"14":2,"19":2,"21":2,"23":2,"24":2,"25":2,"30":1,"37":2,"41":2,"43":2,"45":2,"46":1,"48":1,"49":1,"50":1}},"/home/travis/build/npmtest/node-npmtest-validate.js/example.js":{"path":"/home/travis/build/npmtest/node-npmtest-validate.js/example.js","s":{"1":2,"2":2,"3":2,"4":2,"5":2,"6":2,"7":2,"8":1,"9":2,"10":2,"11":2,"12":2,"13":1,"14":2,"15":2,"16":2,"17":2,"18":2,"19":0,"20":2,"21":1,"22":1,"23":1,"24":1,"25":1,"26":0,"27":0,"28":1,"29":1,"30":2,"31":0,"32":0,"33":0,"34":1,"35":2,"36":2,"37":3,"38":3,"39":3,"40":3,"41":0,"42":3,"43":3,"44":3,"45":1,"46":3,"47":1,"48":1,"49":1,"50":1,"51":1,"52":1,"53":1,"54":1,"55":1,"56":1,"57":0,"58":1,"59":6,"60":6,"61":1,"62":2,"63":0,"64":2,"65":1,"66":1,"67":0,"68":0,"69":0,"70":0,"71":0,"72":0,"73":0,"74":0,"75":0,"76":0,"77":0,"78":0,"79":0,"80":0,"81":0,"82":0,"83":0},"b":{"1":[2,1,1,1],"2":[1,1,1,1],"3":[1,1],"4":[2,2],"5":[1,1],"6":[1,1],"7":[2,0],"8":[2,1,1,1,1,1],"9":[0,2,0],"10":[1,1],"11":[2,1,1],"12":[1,0],"13":[0,2],"14":[2,0,0,0,0,0,0],"15":[0,3],"16":[3,0],"17":[1,1],"18":[0,1],"19":[1,2,0,2],"20":[1,0],"21":[1,1],"22":[0,0],"23":[0,0],"24":[0,0],"25":[0,0],"26":[0,0],"27":[0,0],"28":[0,0]},"f":{"1":2,"2":2,"3":2,"4":2,"5":2,"6":2,"7":3,"8":3,"9":3,"10":1,"11":6,"12":0},"fnMap":{"1":{"name":"(anonymous_1)","line":26,"loc":{"start":{"line":26,"column":1},"end":{"line":26,"column":13}}},"2":{"name":"(anonymous_2)","line":33,"loc":{"start":{"line":33,"column":5},"end":{"line":33,"column":17}}},"3":{"name":"(anonymous_3)","line":37,"loc":{"start":{"line":37,"column":24},"end":{"line":37,"column":36}}},"4":{"name":"(anonymous_4)","line":69,"loc":{"start":{"line":69,"column":31},"end":{"line":69,"column":48}},"skip":true},"5":{"name":"(anonymous_5)","line":78,"loc":{"start":{"line":78,"column":26},"end":{"line":78,"column":45}},"skip":true},"6":{"name":"(anonymous_6)","line":123,"loc":{"start":{"line":123,"column":33},"end":{"line":123,"column":48}},"skip":true},"7":{"name":"(anonymous_7)","line":125,"loc":{"start":{"line":125,"column":27},"end":{"line":125,"column":39}},"skip":true},"8":{"name":"(anonymous_8)","line":133,"loc":{"start":{"line":133,"column":59},"end":{"line":133,"column":74}},"skip":true},"9":{"name":"(anonymous_9)","line":143,"loc":{"start":{"line":143,"column":45},"end":{"line":143,"column":62}},"skip":true},"10":{"name":"(anonymous_10)","line":144,"loc":{"start":{"line":144,"column":73},"end":{"line":144,"column":92}},"skip":true},"11":{"name":"(anonymous_11)","line":272,"loc":{"start":{"line":272,"column":51},"end":{"line":272,"column":77}},"skip":true},"12":{"name":"(anonymous_12)","line":315,"loc":{"start":{"line":315,"column":32},"end":{"line":315,"column":61}},"skip":true}},"statementMap":{"1":{"start":{"line":26,"column":0},"end":{"line":326,"column":5}},"2":{"start":{"line":28,"column":4},"end":{"line":28,"column":14}},"3":{"start":{"line":33,"column":4},"end":{"line":60,"column":9}},"4":{"start":{"line":35,"column":8},"end":{"line":35,"column":19}},"5":{"start":{"line":37,"column":8},"end":{"line":49,"column":13}},"6":{"start":{"line":38,"column":12},"end":{"line":48,"column":13}},"7":{"start":{"line":39,"column":16},"end":{"line":42,"column":30}},"8":{"start":{"line":44,"column":16},"end":{"line":47,"column":27}},"9":{"start":{"line":51,"column":8},"end":{"line":53,"column":21}},"10":{"start":{"line":55,"column":8},"end":{"line":57,"column":45}},"11":{"start":{"line":59,"column":8},"end":{"line":59,"column":35}},"12":{"start":{"line":61,"column":4},"end":{"line":325,"column":5}},"13":{"start":{"line":69,"column":8},"end":{"line":121,"column":10},"skip":true},"14":{"start":{"line":70,"column":12},"end":{"line":88,"column":13},"skip":true},"15":{"start":{"line":76,"column":16},"end":{"line":87,"column":19},"skip":true},"16":{"start":{"line":79,"column":20},"end":{"line":86,"column":21},"skip":true},"17":{"start":{"line":82,"column":24},"end":{"line":82,"column":43},"skip":true},"18":{"start":{"line":83,"column":24},"end":{"line":83,"column":30},"skip":true},"19":{"start":{"line":85,"column":24},"end":{"line":85,"column":49},"skip":true},"20":{"start":{"line":89,"column":12},"end":{"line":107,"column":13},"skip":true},"21":{"start":{"line":92,"column":16},"end":{"line":102,"column":17},"skip":true},"22":{"start":{"line":93,"column":20},"end":{"line":93,"column":86},"skip":true},"23":{"start":{"line":94,"column":20},"end":{"line":95,"column":45},"skip":true},"24":{"start":{"line":96,"column":20},"end":{"line":96,"column":42},"skip":true},"25":{"start":{"line":97,"column":20},"end":{"line":97,"column":48},"skip":true},"26":{"start":{"line":100,"column":20},"end":{"line":100,"column":85},"skip":true},"27":{"start":{"line":101,"column":20},"end":{"line":101,"column":96},"skip":true},"28":{"start":{"line":103,"column":16},"end":{"line":103,"column":22},"skip":true},"29":{"start":{"line":106,"column":16},"end":{"line":106,"column":22},"skip":true},"30":{"start":{"line":108,"column":12},"end":{"line":120,"column":13},"skip":true},"31":{"start":{"line":114,"column":16},"end":{"line":119,"column":17},"skip":true},"32":{"start":{"line":116,"column":20},"end":{"line":116,"column":78},"skip":true},"33":{"start":{"line":118,"column":20},"end":{"line":118,"column":47},"skip":true},"34":{"start":{"line":123,"column":8},"end":{"line":141,"column":11},"skip":true},"35":{"start":{"line":124,"column":12},"end":{"line":124,"column":54},"skip":true},"36":{"start":{"line":125,"column":12},"end":{"line":140,"column":14},"skip":true},"37":{"start":{"line":126,"column":16},"end":{"line":126,"column":28},"skip":true},"38":{"start":{"line":127,"column":16},"end":{"line":127,"column":69},"skip":true},"39":{"start":{"line":128,"column":16},"end":{"line":128,"column":75},"skip":true},"40":{"start":{"line":129,"column":16},"end":{"line":131,"column":17},"skip":true},"41":{"start":{"line":130,"column":20},"end":{"line":130,"column":27},"skip":true},"42":{"start":{"line":133,"column":16},"end":{"line":137,"column":36},"skip":true},"43":{"start":{"line":134,"column":20},"end":{"line":136,"column":55},"skip":true},"44":{"start":{"line":139,"column":16},"end":{"line":139,"column":57},"skip":true},"45":{"start":{"line":143,"column":8},"end":{"line":147,"column":11},"skip":true},"46":{"start":{"line":144,"column":12},"end":{"line":146,"column":15},"skip":true},"47":{"start":{"line":145,"column":16},"end":{"line":145,"column":70},"skip":true},"48":{"start":{"line":149,"column":8},"end":{"line":149,"column":31},"skip":true},"49":{"start":{"line":150,"column":8},"end":{"line":150,"column":14},"skip":true},"50":{"start":{"line":158,"column":8},"end":{"line":158,"column":31},"skip":true},"51":{"start":{"line":160,"column":8},"end":{"line":160,"column":33},"skip":true},"52":{"start":{"line":161,"column":8},"end":{"line":161,"column":37},"skip":true},"53":{"start":{"line":162,"column":8},"end":{"line":162,"column":35},"skip":true},"54":{"start":{"line":164,"column":8},"end":{"line":164,"column":50},"skip":true},"55":{"start":{"line":166,"column":8},"end":{"line":256,"column":2},"skip":true},"56":{"start":{"line":258,"column":8},"end":{"line":286,"column":9},"skip":true},"57":{"start":{"line":259,"column":12},"end":{"line":269,"column":14},"skip":true},"58":{"start":{"line":271,"column":12},"end":{"line":285,"column":19},"skip":true},"59":{"start":{"line":274,"column":20},"end":{"line":274,"column":35},"skip":true},"60":{"start":{"line":275,"column":20},"end":{"line":284,"column":21},"skip":true},"61":{"start":{"line":277,"column":24},"end":{"line":277,"column":64},"skip":true},"62":{"start":{"line":279,"column":24},"end":{"line":279,"column":40},"skip":true},"63":{"start":{"line":281,"column":24},"end":{"line":281,"column":40},"skip":true},"64":{"start":{"line":283,"column":24},"end":{"line":283,"column":39},"skip":true},"65":{"start":{"line":288,"column":8},"end":{"line":290,"column":9},"skip":true},"66":{"start":{"line":289,"column":12},"end":{"line":289,"column":18},"skip":true},"67":{"start":{"line":291,"column":8},"end":{"line":293,"column":54},"skip":true},"68":{"start":{"line":296,"column":8},"end":{"line":301,"column":37},"skip":true},"69":{"start":{"line":303,"column":8},"end":{"line":303,"column":82},"skip":true},"70":{"start":{"line":306,"column":8},"end":{"line":308,"column":9},"skip":true},"71":{"start":{"line":307,"column":12},"end":{"line":307,"column":82},"skip":true},"72":{"start":{"line":310,"column":8},"end":{"line":312,"column":9},"skip":true},"73":{"start":{"line":311,"column":12},"end":{"line":311,"column":18},"skip":true},"74":{"start":{"line":313,"column":8},"end":{"line":313,"column":54},"skip":true},"75":{"start":{"line":314,"column":8},"end":{"line":314,"column":69},"skip":true},"76":{"start":{"line":315,"column":8},"end":{"line":323,"column":36},"skip":true},"77":{"start":{"line":316,"column":12},"end":{"line":316,"column":61},"skip":true},"78":{"start":{"line":317,"column":12},"end":{"line":320,"column":13},"skip":true},"79":{"start":{"line":318,"column":16},"end":{"line":318,"column":75},"skip":true},"80":{"start":{"line":319,"column":16},"end":{"line":319,"column":23},"skip":true},"81":{"start":{"line":321,"column":12},"end":{"line":321,"column":38},"skip":true},"82":{"start":{"line":322,"column":12},"end":{"line":322,"column":27},"skip":true},"83":{"start":{"line":324,"column":8},"end":{"line":324,"column":14},"skip":true}},"branchMap":{"1":{"line":39,"type":"binary-expr","locations":[{"start":{"line":39,"column":23},"end":{"line":39,"column":62}},{"start":{"line":40,"column":20},"end":{"line":40,"column":70}},{"start":{"line":41,"column":20},"end":{"line":41,"column":71}},{"start":{"line":42,"column":20},"end":{"line":42,"column":29}}]},"2":{"line":44,"type":"binary-expr","locations":[{"start":{"line":44,"column":23},"end":{"line":44,"column":37}},{"start":{"line":45,"column":20},"end":{"line":45,"column":61}},{"start":{"line":46,"column":20},"end":{"line":46,"column":70}},{"start":{"line":47,"column":20},"end":{"line":47,"column":26}}]},"3":{"line":51,"type":"cond-expr","locations":[{"start":{"line":52,"column":14},"end":{"line":52,"column":20}},{"start":{"line":53,"column":14},"end":{"line":53,"column":20}}]},"4":{"line":55,"type":"binary-expr","locations":[{"start":{"line":55,"column":16},"end":{"line":55,"column":44}},{"start":{"line":55,"column":49},"end":{"line":57,"column":43}}]},"5":{"line":55,"type":"cond-expr","locations":[{"start":{"line":56,"column":14},"end":{"line":56,"column":55}},{"start":{"line":57,"column":14},"end":{"line":57,"column":43}}]},"6":{"line":61,"type":"switch","locations":[{"start":{"line":68,"column":4},"end":{"line":150,"column":14},"skip":true},{"start":{"line":156,"column":4},"end":{"line":324,"column":14},"skip":true}]},"7":{"line":70,"type":"if","locations":[{"start":{"line":70,"column":12},"end":{"line":70,"column":12},"skip":true},{"start":{"line":70,"column":12},"end":{"line":70,"column":12},"skip":true}]},"8":{"line":70,"type":"binary-expr","locations":[{"start":{"line":70,"column":16},"end":{"line":70,"column":22},"skip":true},{"start":{"line":70,"column":27},"end":{"line":70,"column":32},"skip":true},{"start":{"line":71,"column":20},"end":{"line":71,"column":39},"skip":true},{"start":{"line":72,"column":20},"end":{"line":72,"column":49},"skip":true},{"start":{"line":73,"column":20},"end":{"line":73,"column":58},"skip":true},{"start":{"line":74,"column":20},"end":{"line":74,"column":69},"skip":true}]},"9":{"line":79,"type":"switch","locations":[{"start":{"line":80,"column":20},"end":{"line":80,"column":33},"skip":true},{"start":{"line":81,"column":20},"end":{"line":83,"column":30},"skip":true},{"start":{"line":84,"column":20},"end":{"line":85,"column":49},"skip":true}]},"10":{"line":89,"type":"switch","locations":[{"start":{"line":90,"column":12},"end":{"line":103,"column":22},"skip":true},{"start":{"line":105,"column":12},"end":{"line":106,"column":22},"skip":true}]},"11":{"line":89,"type":"binary-expr","locations":[{"start":{"line":89,"column":20},"end":{"line":89,"column":25},"skip":true},{"start":{"line":89,"column":29},"end":{"line":89,"column":48},"skip":true},{"start":{"line":89,"column":52},"end":{"line":89,"column":74},"skip":true}]},"12":{"line":92,"type":"if","locations":[{"start":{"line":92,"column":16},"end":{"line":92,"column":16},"skip":true},{"start":{"line":92,"column":16},"end":{"line":92,"column":16},"skip":true}]},"13":{"line":108,"type":"if","locations":[{"start":{"line":108,"column":12},"end":{"line":108,"column":12},"skip":true},{"start":{"line":108,"column":12},"end":{"line":108,"column":12},"skip":true}]},"14":{"line":108,"type":"binary-expr","locations":[{"start":{"line":108,"column":16},"end":{"line":108,"column":61},"skip":true},{"start":{"line":108,"column":66},"end":{"line":108,"column":72},"skip":true},{"start":{"line":108,"column":77},"end":{"line":108,"column":82},"skip":true},{"start":{"line":109,"column":20},"end":{"line":109,"column":39},"skip":true},{"start":{"line":110,"column":20},"end":{"line":110,"column":49},"skip":true},{"start":{"line":111,"column":20},"end":{"line":111,"column":58},"skip":true},{"start":{"line":112,"column":20},"end":{"line":112,"column":68},"skip":true}]},"15":{"line":129,"type":"if","locations":[{"start":{"line":129,"column":16},"end":{"line":129,"column":16},"skip":true},{"start":{"line":129,"column":16},"end":{"line":129,"column":16},"skip":true}]},"16":{"line":134,"type":"cond-expr","locations":[{"start":{"line":135,"column":26},"end":{"line":135,"column":29},"skip":true},{"start":{"line":136,"column":26},"end":{"line":136,"column":54},"skip":true}]},"17":{"line":164,"type":"binary-expr","locations":[{"start":{"line":164,"column":27},"end":{"line":164,"column":43},"skip":true},{"start":{"line":164,"column":47},"end":{"line":164,"column":49},"skip":true}]},"18":{"line":258,"type":"if","locations":[{"start":{"line":258,"column":8},"end":{"line":258,"column":8},"skip":true},{"start":{"line":258,"column":8},"end":{"line":258,"column":8},"skip":true}]},"19":{"line":275,"type":"switch","locations":[{"start":{"line":276,"column":20},"end":{"line":277,"column":64},"skip":true},{"start":{"line":278,"column":20},"end":{"line":279,"column":40},"skip":true},{"start":{"line":280,"column":20},"end":{"line":281,"column":40},"skip":true},{"start":{"line":282,"column":20},"end":{"line":283,"column":39},"skip":true}]},"20":{"line":288,"type":"if","locations":[{"start":{"line":288,"column":8},"end":{"line":288,"column":8},"skip":true},{"start":{"line":288,"column":8},"end":{"line":288,"column":8},"skip":true}]},"21":{"line":288,"type":"binary-expr","locations":[{"start":{"line":288,"column":12},"end":{"line":288,"column":40},"skip":true},{"start":{"line":288,"column":44},"end":{"line":288,"column":67},"skip":true}]},"22":{"line":292,"type":"binary-expr","locations":[{"start":{"line":292,"column":12},"end":{"line":292,"column":50},"skip":true},{"start":{"line":293,"column":12},"end":{"line":293,"column":53},"skip":true}]},"23":{"line":297,"type":"binary-expr","locations":[{"start":{"line":297,"column":12},"end":{"line":297,"column":69},"skip":true},{"start":{"line":298,"column":12},"end":{"line":301,"column":36},"skip":true}]},"24":{"line":303,"type":"binary-expr","locations":[{"start":{"line":303,"column":43},"end":{"line":303,"column":75},"skip":true},{"start":{"line":303,"column":79},"end":{"line":303,"column":81},"skip":true}]},"25":{"line":306,"type":"if","locations":[{"start":{"line":306,"column":8},"end":{"line":306,"column":8},"skip":true},{"start":{"line":306,"column":8},"end":{"line":306,"column":8},"skip":true}]},"26":{"line":310,"type":"if","locations":[{"start":{"line":310,"column":8},"end":{"line":310,"column":8},"skip":true},{"start":{"line":310,"column":8},"end":{"line":310,"column":8},"skip":true}]},"27":{"line":313,"type":"binary-expr","locations":[{"start":{"line":313,"column":27},"end":{"line":313,"column":43},"skip":true},{"start":{"line":313,"column":47},"end":{"line":313,"column":53},"skip":true}]},"28":{"line":317,"type":"if","locations":[{"start":{"line":317,"column":12},"end":{"line":317,"column":12},"skip":true},{"start":{"line":317,"column":12},"end":{"line":317,"column":12},"skip":true}]}},"code":["/*","example.js","","quickstart example","","instruction","    1. save this script as example.js","    2. run the shell command:","        $ npm install npmtest-validate.js && PORT=8081 node example.js","    3. play with the browser-demo on http://127.0.0.1:8081","*/","","","","/* istanbul instrument in package npmtest_validate_js */","/*jslint","    bitwise: true,","    browser: true,","    maxerr: 8,","    maxlen: 96,","    node: true,","    nomen: true,","    regexp: true,","    stupid: true","*/","(function () {","    'use strict';","    var local;","","","","    // run shared js-env code - pre-init","    (function () {","        // init local","        local = {};","        // init modeJs","        local.modeJs = (function () {","            try {","                return typeof navigator.userAgent === 'string' &&","                    typeof document.querySelector('body') === 'object' &&","                    typeof XMLHttpRequest.prototype.open === 'function' &&","                    'browser';","            } catch (errorCaughtBrowser) {","                return module.exports &&","                    typeof process.versions.node === 'string' &&","                    typeof require('http').createServer === 'function' &&","                    'node';","            }","        }());","        // init global","        local.global = local.modeJs === 'browser'","            ? window","            : global;","        // init utility2_rollup","        local = local.global.utility2_rollup || (local.modeJs === 'browser'","            ? local.global.utility2_npmtest_validate_js","            : global.utility2_moduleExports);","        // export local","        local.global.local = local;","    }());","    switch (local.modeJs) {","","","","    // post-init","    // run browser js-env code - post-init","    /* istanbul ignore next */","    case 'browser':","        local.testRunBrowser = function (event) {","            if (!event || (event &&","                    event.currentTarget &&","                    event.currentTarget.className &&","                    event.currentTarget.className.includes &&","                    event.currentTarget.className.includes('onreset'))) {","                // reset output","                Array.from(","                    document.querySelectorAll('body > .resettable')","                ).forEach(function (element) {","                    switch (element.tagName) {","                    case 'INPUT':","                    case 'TEXTAREA':","                        element.value = '';","                        break;","                    default:","                        element.textContent = '';","                    }","                });","            }","            switch (event && event.currentTarget && event.currentTarget.id) {","            case 'testRunButton1':","                // show tests","                if (document.querySelector('#testReportDiv1').style.display === 'none') {","                    document.querySelector('#testReportDiv1').style.display = 'block';","                    document.querySelector('#testRunButton1').textContent =","                        'hide internal test';","                    local.modeTest = true;","                    local.testRunDefault(local);","                // hide tests","                } else {","                    document.querySelector('#testReportDiv1').style.display = 'none';","                    document.querySelector('#testRunButton1').textContent = 'run internal test';","                }","                break;","            // custom-case","            default:","                break;","            }","            if (document.querySelector('#inputTextareaEval1') && (!event || (event &&","                    event.currentTarget &&","                    event.currentTarget.className &&","                    event.currentTarget.className.includes &&","                    event.currentTarget.className.includes('oneval')))) {","                // try to eval input-code","                try {","                    /*jslint evil: true*/","                    eval(document.querySelector('#inputTextareaEval1').value);","                } catch (errorCaught) {","                    console.error(errorCaught);","                }","            }","        };","        // log stderr and stdout to #outputTextareaStdout1","        ['error', 'log'].forEach(function (key) {","            console[key + '_original'] = console[key];","            console[key] = function () {","                var element;","                console[key + '_original'].apply(console, arguments);","                element = document.querySelector('#outputTextareaStdout1');","                if (!element) {","                    return;","                }","                // append text to #outputTextareaStdout1","                element.value += Array.from(arguments).map(function (arg) {","                    return typeof arg === 'string'","                        ? arg","                        : JSON.stringify(arg, null, 4);","                }).join(' ') + '\\n';","                // scroll textarea to bottom","                element.scrollTop = element.scrollHeight;","            };","        });","        // init event-handling","        ['change', 'click', 'keyup'].forEach(function (event) {","            Array.from(document.querySelectorAll('.on' + event)).forEach(function (element) {","                element.addEventListener(event, local.testRunBrowser);","            });","        });","        // run tests","        local.testRunBrowser();","        break;","","","","    // run node js-env code - post-init","    /* istanbul ignore next */","    case 'node':","        // export local","        module.exports = local;","        // require modules","        local.fs = require('fs');","        local.http = require('http');","        local.url = require('url');","        // init assets","        local.assetsDict = local.assetsDict || {};","        /* jslint-ignore-begin */","        local.assetsDict['/assets.index.template.html'] = '\\","<!doctype html>\\n\\","<html lang=\"en\">\\n\\","<head>\\n\\","<meta charset=\"UTF-8\">\\n\\","<meta name=\"viewport\" content=\"width=device-width, initial-scale=1\">\\n\\","<title>{{env.npm_package_name}} (v{{env.npm_package_version}})</title>\\n\\","<style>\\n\\","/*csslint\\n\\","    box-sizing: false,\\n\\","    universal-selector: false\\n\\","*/\\n\\","* {\\n\\","    box-sizing: border-box;\\n\\","}\\n\\","body {\\n\\","    background: #dde;\\n\\","    font-family: Arial, Helvetica, sans-serif;\\n\\","    margin: 2rem;\\n\\","}\\n\\","body > * {\\n\\","    margin-bottom: 1rem;\\n\\","}\\n\\",".utility2FooterDiv {\\n\\","    margin-top: 20px;\\n\\","    text-align: center;\\n\\","}\\n\\","</style>\\n\\","<style>\\n\\","/*csslint\\n\\","*/\\n\\","textarea {\\n\\","    font-family: monospace;\\n\\","    height: 10rem;\\n\\","    width: 100%;\\n\\","}\\n\\","textarea[readonly] {\\n\\","    background: #ddd;\\n\\","}\\n\\","</style>\\n\\","</head>\\n\\","<body>\\n\\","<!-- utility2-comment\\n\\","<div id=\"ajaxProgressDiv1\" style=\"background: #d00; height: 2px; left: 0; margin: 0; padding: 0; position: fixed; top: 0; transition: background 0.5s, width 1.5s; width: 25%;\"></div>\\n\\","utility2-comment -->\\n\\","<h1>\\n\\","<!-- utility2-comment\\n\\","    <a\\n\\","        {{#if env.npm_package_homepage}}\\n\\","        href=\"{{env.npm_package_homepage}}\"\\n\\","        {{/if env.npm_package_homepage}}\\n\\","        target=\"_blank\"\\n\\","    >\\n\\","utility2-comment -->\\n\\","        {{env.npm_package_name}} (v{{env.npm_package_version}})\\n\\","<!-- utility2-comment\\n\\","    </a>\\n\\","utility2-comment -->\\n\\","</h1>\\n\\","<h3>{{env.npm_package_description}}</h3>\\n\\","<!-- utility2-comment\\n\\","<h4><a download href=\"assets.app.js\">download standalone app</a></h4>\\n\\","<button class=\"onclick onreset\" id=\"testRunButton1\">run internal test</button><br>\\n\\","<div id=\"testReportDiv1\" style=\"display: none;\"></div>\\n\\","utility2-comment -->\\n\\","\\n\\","\\n\\","\\n\\","<label>stderr and stdout</label>\\n\\","<textarea class=\"resettable\" id=\"outputTextareaStdout1\" readonly></textarea>\\n\\","<!-- utility2-comment\\n\\","{{#if isRollup}}\\n\\","<script src=\"assets.app.js\"></script>\\n\\","{{#unless isRollup}}\\n\\","utility2-comment -->\\n\\","<script src=\"assets.utility2.rollup.js\"></script>\\n\\","<script src=\"jsonp.utility2._stateInit?callback=window.utility2._stateInit\"></script>\\n\\","<script src=\"assets.npmtest_validate_js.rollup.js\"></script>\\n\\","<script src=\"assets.example.js\"></script>\\n\\","<script src=\"assets.test.js\"></script>\\n\\","<!-- utility2-comment\\n\\","{{/if isRollup}}\\n\\","utility2-comment -->\\n\\","<div class=\"utility2FooterDiv\">\\n\\","    [ this app was created with\\n\\","    <a href=\"https://github.com/kaizhu256/node-utility2\" target=\"_blank\">utility2</a>\\n\\","    ]\\n\\","</div>\\n\\","</body>\\n\\","</html>\\n\\","';","        /* jslint-ignore-end */","        if (local.templateRender) {","            local.assetsDict['/'] = local.templateRender(","                local.assetsDict['/assets.index.template.html'],","                {","                    env: local.objectSetDefault(local.env, {","                        npm_package_description: 'the greatest app in the world!',","                        npm_package_name: 'my-app',","                        npm_package_nameAlias: 'my_app',","                        npm_package_version: '0.0.1'","                    })","                }","            );","        } else {","            local.assetsDict['/'] = local.assetsDict['/assets.index.template.html']","                .replace((/\\{\\{env\\.(\\w+?)\\}\\}/g), function (match0, match1) {","                    // jslint-hack","                    String(match0);","                    switch (match1) {","                    case 'npm_package_description':","                        return 'the greatest app in the world!';","                    case 'npm_package_name':","                        return 'my-app';","                    case 'npm_package_nameAlias':","                        return 'my_app';","                    case 'npm_package_version':","                        return '0.0.1';","                    }","                });","        }","        // run the cli","        if (local.global.utility2_rollup || module !== require.main) {","            break;","        }","        local.assetsDict['/assets.example.js'] =","            local.assetsDict['/assets.example.js'] ||","            local.fs.readFileSync(__filename, 'utf8');","        // bug-workaround - long $npm_package_buildCustomOrg","        /* jslint-ignore-begin */","        local.assetsDict['/assets.npmtest_validate_js.rollup.js'] =","            local.assetsDict['/assets.npmtest_validate_js.rollup.js'] ||","            local.fs.readFileSync(","                local.npmtest_validate_js.__dirname + '/lib.npmtest_validate_js.js',","                'utf8'","            ).replace((/^#!/), '//');","        /* jslint-ignore-end */","        local.assetsDict['/favicon.ico'] = local.assetsDict['/favicon.ico'] || '';","        // if $npm_config_timeout_exit exists,","        // then exit this process after $npm_config_timeout_exit ms","        if (Number(process.env.npm_config_timeout_exit)) {","            setTimeout(process.exit, Number(process.env.npm_config_timeout_exit));","        }","        // start server","        if (local.global.utility2_serverHttp1) {","            break;","        }","        process.env.PORT = process.env.PORT || '8081';","        console.error('server starting on port ' + process.env.PORT);","        local.http.createServer(function (request, response) {","            request.urlParsed = local.url.parse(request.url);","            if (local.assetsDict[request.urlParsed.pathname] !== undefined) {","                response.end(local.assetsDict[request.urlParsed.pathname]);","                return;","            }","            response.statusCode = 404;","            response.end();","        }).listen(process.env.PORT);","        break;","    }","}());",""],"l":{"26":2,"28":2,"33":2,"35":2,"37":2,"38":2,"39":2,"44":1,"51":2,"55":2,"59":2,"61":2,"69":1,"70":2,"76":2,"79":2,"82":2,"83":2,"85":1,"89":2,"92":1,"93":1,"94":1,"96":1,"97":1,"100":1,"101":1,"103":1,"106":1,"108":2,"114":1,"116":1,"118":1,"123":1,"124":2,"125":2,"126":3,"127":3,"128":3,"129":3,"130":1,"133":3,"134":3,"139":3,"143":1,"144":3,"145":1,"149":1,"150":1,"158":1,"160":1,"161":1,"162":1,"164":1,"166":1,"258":1,"259":1,"271":1,"274":6,"275":6,"277":1,"279":2,"281":1,"283":2,"288":1,"289":1,"291":1,"296":1,"303":1,"306":1,"307":1,"310":1,"311":1,"313":1,"314":1,"315":1,"316":1,"317":1,"318":1,"319":1,"321":1,"322":1,"324":1}},"/home/travis/build/npmtest/node-npmtest-validate.js/node_modules/validate.js/validate.js":{"path":"/home/travis/build/npmtest/node-npmtest-validate.js/node_modules/validate.js/validate.js","s":{"1":1,"2":1,"3":0,"4":0,"5":0,"6":0,"7":0,"8":0,"9":0,"10":1,"11":1,"12":4,"13":4,"14":46,"15":4,"16":1,"17":0,"18":0,"19":0,"20":0,"21":0,"22":0,"23":0,"24":0,"25":0,"26":0,"27":0,"28":0,"29":0,"30":0,"31":0,"32":0,"33":0,"34":0,"35":0,"36":0,"37":0,"38":0,"39":0,"40":0,"41":0,"42":0,"43":0,"44":0,"45":0,"46":0,"47":0,"48":0,"49":0,"50":0,"51":0,"52":0,"53":0,"54":0,"55":0,"56":0,"57":0,"58":0,"59":0,"60":0,"61":0,"62":0,"63":0,"64":0,"65":0,"66":0,"67":0,"68":0,"69":0,"70":0,"71":0,"72":0,"73":0,"74":0,"75":0,"76":0,"77":0,"78":0,"79":0,"80":0,"81":0,"82":0,"83":0,"84":0,"85":0,"86":0,"87":0,"88":0,"89":0,"90":0,"91":0,"92":0,"93":0,"94":0,"95":0,"96":0,"97":0,"98":0,"99":0,"100":0,"101":0,"102":0,"103":0,"104":0,"105":0,"106":0,"107":0,"108":0,"109":0,"110":0,"111":0,"112":0,"113":0,"114":0,"115":0,"116":0,"117":0,"118":0,"119":0,"120":0,"121":0,"122":0,"123":0,"124":0,"125":0,"126":0,"127":0,"128":0,"129":0,"130":0,"131":0,"132":0,"133":0,"134":0,"135":0,"136":0,"137":0,"138":0,"139":0,"140":0,"141":0,"142":0,"143":0,"144":0,"145":0,"146":0,"147":0,"148":0,"149":0,"150":0,"151":0,"152":0,"153":0,"154":0,"155":0,"156":0,"157":0,"158":0,"159":0,"160":0,"161":0,"162":0,"163":0,"164":0,"165":0,"166":0,"167":0,"168":0,"169":0,"170":0,"171":0,"172":0,"173":0,"174":0,"175":0,"176":0,"177":0,"178":0,"179":0,"180":0,"181":0,"182":0,"183":0,"184":0,"185":0,"186":0,"187":0,"188":0,"189":0,"190":0,"191":0,"192":0,"193":0,"194":0,"195":0,"196":0,"197":0,"198":0,"199":0,"200":0,"201":0,"202":0,"203":0,"204":0,"205":0,"206":0,"207":0,"208":0,"209":0,"210":0,"211":0,"212":0,"213":0,"214":0,"215":0,"216":0,"217":0,"218":0,"219":0,"220":0,"221":0,"222":0,"223":0,"224":0,"225":0,"226":0,"227":0,"228":0,"229":0,"230":0,"231":0,"232":0,"233":0,"234":0,"235":0,"236":0,"237":0,"238":0,"239":1,"240":0,"241":0,"242":0,"243":1,"244":0,"245":0,"246":0,"247":0,"248":0,"249":0,"250":1,"251":0,"252":0,"253":0,"254":0,"255":0,"256":0,"257":0,"258":0,"259":0,"260":0,"261":0,"262":0,"263":0,"264":0,"265":1,"266":1,"267":1,"268":1,"269":0,"270":0,"271":0,"272":0,"273":0,"274":0,"275":0,"276":0,"277":1,"278":0,"279":0,"280":0,"281":0,"282":0,"283":0,"284":0,"285":0,"286":0,"287":0,"288":0,"289":0,"290":0,"291":0,"292":0,"293":0,"294":0,"295":0,"296":0,"297":0,"298":0,"299":0,"300":0,"301":0,"302":0,"303":0,"304":0,"305":0,"306":0,"307":0,"308":0,"309":0,"310":0,"311":0,"312":0,"313":0,"314":0,"315":0,"316":0,"317":0,"318":0,"319":0,"320":0,"321":0,"322":0,"323":0,"324":0,"325":0,"326":0,"327":0,"328":0,"329":0,"330":0,"331":0,"332":0,"333":0,"334":0,"335":0,"336":0,"337":0,"338":0,"339":0,"340":0,"341":0,"342":0,"343":0,"344":0,"345":0,"346":0,"347":0,"348":0,"349":0,"350":0,"351":0,"352":0,"353":0,"354":0,"355":0,"356":0,"357":0,"358":0,"359":0,"360":0,"361":0,"362":0,"363":0,"364":0,"365":0,"366":0,"367":0,"368":0,"369":0,"370":0,"371":0,"372":0,"373":0,"374":0,"375":0,"376":0,"377":0,"378":0,"379":0,"380":0,"381":0,"382":0,"383":0,"384":0,"385":0,"386":0,"387":0,"388":0,"389":0,"390":0,"391":0,"392":0,"393":0,"394":0,"395":0,"396":0,"397":0,"398":0,"399":0,"400":0,"401":0,"402":0,"403":0,"404":0,"405":0,"406":0,"407":0,"408":0,"409":0,"410":0,"411":0,"412":0,"413":0,"414":0,"415":0,"416":0,"417":0,"418":0,"419":0,"420":0,"421":0,"422":0,"423":0,"424":0,"425":1,"426":0,"427":0,"428":0,"429":0,"430":0,"431":0,"432":0,"433":0,"434":0,"435":0,"436":0,"437":0,"438":1},"b":{"1":[0,0],"2":[0,0],"3":[1,0],"4":[0,0],"5":[0,0],"6":[0,0],"7":[0,0],"8":[0,0],"9":[0,0],"10":[0,0],"11":[0,0],"12":[0,0],"13":[0,0],"14":[0,0],"15":[0,0],"16":[0,0],"17":[0,0],"18":[0,0],"19":[0,0],"20":[0,0],"21":[0,0],"22":[0,0],"23":[0,0],"24":[0,0],"25":[0,0],"26":[0,0],"27":[0,0],"28":[0,0,0,0,0],"29":[0,0],"30":[0,0],"31":[0,0],"32":[0,0],"33":[0,0],"34":[0,0],"35":[0,0],"36":[0,0],"37":[0,0],"38":[0,0],"39":[0,0],"40":[0,0],"41":[0,0,0],"42":[0,0],"43":[0,0],"44":[0,0],"45":[0,0],"46":[0,0,0],"47":[0,0],"48":[0,0],"49":[0,0],"50":[0,0],"51":[0,0],"52":[0,0],"53":[0,0],"54":[0,0],"55":[0,0],"56":[0,0],"57":[0,0],"58":[0,0],"59":[0,0],"60":[0,0],"61":[0,0],"62":[0,0],"63":[0,0],"64":[0,0],"65":[0,0],"66":[0,0],"67":[0,0],"68":[0,0],"69":[0,0],"70":[0,0],"71":[0,0],"72":[0,0],"73":[0,0],"74":[0,0],"75":[0,0],"76":[0,0],"77":[0,0],"78":[0,0],"79":[0,0],"80":[0,0],"81":[0,0],"82":[0,0],"83":[0,0],"84":[0,0],"85":[1,0],"86":[1,0],"87":[1,1],"88":[0,0],"89":[0,0],"90":[0,0],"91":[0,0],"92":[0,0],"93":[0,0],"94":[0,0],"95":[0,0],"96":[0,0,0],"97":[0,0],"98":[0,0],"99":[0,0],"100":[0,0,0],"101":[0,0],"102":[0,0],"103":[0,0,0],"104":[0,0],"105":[0,0],"106":[0,0,0],"107":[0,0],"108":[0,0],"109":[0,0,0],"110":[0,0],"111":[0,0],"112":[0,0],"113":[0,0],"114":[0,0],"115":[0,0],"116":[0,0],"117":[0,0,0,0,0],"118":[0,0],"119":[0,0,0],"120":[0,0],"121":[0,0,0,0,0],"122":[0,0],"123":[0,0],"124":[0,0,0,0,0],"125":[0,0],"126":[0,0],"127":[0,0,0,0],"128":[0,0],"129":[0,0],"130":[0,0,0,0],"131":[0,0],"132":[0,0],"133":[0,0,0,0],"134":[0,0],"135":[0,0],"136":[0,0],"137":[0,0],"138":[0,0],"139":[0,0],"140":[0,0],"141":[0,0],"142":[0,0,0],"143":[0,0,0,0],"144":[0,0],"145":[0,0],"146":[0,0,0,0],"147":[0,0],"148":[0,0],"149":[0,0,0,0],"150":[0,0],"151":[0,0],"152":[0,0],"153":[0,0,0],"154":[0,0],"155":[0,0],"156":[0,0],"157":[0,0],"158":[0,0],"159":[0,0],"160":[0,0],"161":[0,0],"162":[0,0,0],"163":[0,0],"164":[0,0],"165":[0,0],"166":[0,0,0],"167":[0,0,0],"168":[0,0],"169":[0,0],"170":[0,0],"171":[0,0],"172":[0,0],"173":[0,0,0],"174":[0,0],"175":[0,0],"176":[0,0],"177":[0,0],"178":[0,0],"179":[0,0,0],"180":[0,0,0],"181":[0,0,0],"182":[0,0],"183":[0,0],"184":[0,0],"185":[1,0],"186":[1,0],"187":[0,1]},"f":{"1":1,"2":0,"3":4,"4":4,"5":0,"6":0,"7":0,"8":0,"9":0,"10":0,"11":0,"12":0,"13":0,"14":0,"15":0,"16":0,"17":0,"18":0,"19":0,"20":0,"21":0,"22":0,"23":0,"24":0,"25":0,"26":0,"27":0,"28":0,"29":0,"30":0,"31":0,"32":0,"33":0,"34":0,"35":0,"36":0,"37":0,"38":0,"39":0,"40":0,"41":0,"42":0,"43":0,"44":0,"45":0,"46":0,"47":0,"48":0,"49":0,"50":0,"51":0,"52":0,"53":0,"54":0,"55":0,"56":0,"57":0,"58":0,"59":0,"60":0,"61":0,"62":0,"63":0,"64":0,"65":1,"66":0,"67":0,"68":0,"69":0,"70":0,"71":0,"72":0,"73":0,"74":0,"75":0,"76":0,"77":0,"78":0,"79":0,"80":0,"81":0,"82":0,"83":0,"84":0,"85":0,"86":0,"87":0,"88":0,"89":0,"90":0,"91":0},"fnMap":{"1":{"name":"(anonymous_1)","line":10,"loc":{"start":{"line":10,"column":1},"end":{"line":10,"column":35}}},"2":{"name":"(anonymous_2)","line":22,"loc":{"start":{"line":22,"column":17},"end":{"line":22,"column":60}}},"3":{"name":"(anonymous_3)","line":45,"loc":{"start":{"line":45,"column":13},"end":{"line":45,"column":27}}},"4":{"name":"(anonymous_4)","line":46,"loc":{"start":{"line":46,"column":40},"end":{"line":46,"column":57}}},"5":{"name":"(anonymous_5)","line":62,"loc":{"start":{"line":62,"column":16},"end":{"line":62,"column":27}}},"6":{"name":"(anonymous_6)","line":84,"loc":{"start":{"line":84,"column":20},"end":{"line":84,"column":63}}},"7":{"name":"(anonymous_7)","line":148,"loc":{"start":{"line":148,"column":30},"end":{"line":148,"column":56}}},"8":{"name":"(anonymous_8)","line":168,"loc":{"start":{"line":168,"column":11},"end":{"line":168,"column":54}}},"9":{"name":"(anonymous_9)","line":171,"loc":{"start":{"line":171,"column":45},"end":{"line":171,"column":62}}},"10":{"name":"(anonymous_10)","line":182,"loc":{"start":{"line":182,"column":27},"end":{"line":182,"column":53}}},"11":{"name":"(anonymous_11)","line":183,"loc":{"start":{"line":183,"column":39},"end":{"line":183,"column":50}}},"12":{"name":"(anonymous_12)","line":190,"loc":{"start":{"line":190,"column":11},"end":{"line":190,"column":25}}},"13":{"name":"(anonymous_13)","line":196,"loc":{"start":{"line":196,"column":12},"end":{"line":196,"column":50}}},"14":{"name":"(anonymous_14)","line":209,"loc":{"start":{"line":209,"column":20},"end":{"line":209,"column":38}}},"15":{"name":"(anonymous_15)","line":211,"loc":{"start":{"line":211,"column":28},"end":{"line":211,"column":51}}},"16":{"name":"(anonymous_16)","line":217,"loc":{"start":{"line":217,"column":25},"end":{"line":217,"column":36}}},"17":{"name":"(anonymous_17)","line":218,"loc":{"start":{"line":218,"column":35},"end":{"line":218,"column":51}}},"18":{"name":"(anonymous_18)","line":222,"loc":{"start":{"line":222,"column":23},"end":{"line":222,"column":35}}},"19":{"name":"(anonymous_19)","line":233,"loc":{"start":{"line":233,"column":12},"end":{"line":233,"column":28}}},"20":{"name":"(anonymous_20)","line":243,"loc":{"start":{"line":243,"column":14},"end":{"line":243,"column":30}}},"21":{"name":"(anonymous_21)","line":248,"loc":{"start":{"line":248,"column":16},"end":{"line":248,"column":32}}},"22":{"name":"(anonymous_22)","line":254,"loc":{"start":{"line":254,"column":15},"end":{"line":254,"column":31}}},"23":{"name":"(anonymous_23)","line":259,"loc":{"start":{"line":259,"column":15},"end":{"line":259,"column":31}}},"24":{"name":"(anonymous_24)","line":264,"loc":{"start":{"line":264,"column":14},"end":{"line":264,"column":28}}},"25":{"name":"(anonymous_25)","line":269,"loc":{"start":{"line":269,"column":12},"end":{"line":269,"column":26}}},"26":{"name":"(anonymous_26)","line":274,"loc":{"start":{"line":274,"column":15},"end":{"line":274,"column":29}}},"27":{"name":"(anonymous_27)","line":280,"loc":{"start":{"line":280,"column":15},"end":{"line":280,"column":27}}},"28":{"name":"(anonymous_28)","line":284,"loc":{"start":{"line":284,"column":21},"end":{"line":284,"column":33}}},"29":{"name":"(anonymous_29)","line":288,"loc":{"start":{"line":288,"column":18},"end":{"line":288,"column":30}}},"30":{"name":"(anonymous_30)","line":314,"loc":{"start":{"line":314,"column":13},"end":{"line":314,"column":29}}},"31":{"name":"(anonymous_31)","line":360,"loc":{"start":{"line":360,"column":21},"end":{"line":360,"column":41}}},"32":{"name":"(anonymous_32)","line":364,"loc":{"start":{"line":364,"column":49},"end":{"line":364,"column":70}}},"33":{"name":"(anonymous_33)","line":379,"loc":{"start":{"line":379,"column":14},"end":{"line":379,"column":28}}},"34":{"name":"(anonymous_34)","line":390,"loc":{"start":{"line":390,"column":23},"end":{"line":390,"column":35}}},"35":{"name":"(anonymous_35)","line":408,"loc":{"start":{"line":408,"column":36},"end":{"line":408,"column":57}}},"36":{"name":"(anonymous_36)","line":414,"loc":{"start":{"line":414,"column":20},"end":{"line":414,"column":36}}},"37":{"name":"(anonymous_37)","line":418,"loc":{"start":{"line":418,"column":14},"end":{"line":418,"column":30}}},"38":{"name":"(anonymous_38)","line":422,"loc":{"start":{"line":422,"column":13},"end":{"line":422,"column":29}}},"39":{"name":"(anonymous_39)","line":428,"loc":{"start":{"line":428,"column":12},"end":{"line":428,"column":28}}},"40":{"name":"(anonymous_40)","line":432,"loc":{"start":{"line":432,"column":14},"end":{"line":432,"column":35}}},"41":{"name":"(anonymous_41)","line":442,"loc":{"start":{"line":442,"column":12},"end":{"line":442,"column":28}}},"42":{"name":"(anonymous_42)","line":446,"loc":{"start":{"line":446,"column":26},"end":{"line":446,"column":53}}},"43":{"name":"(anonymous_43)","line":451,"loc":{"start":{"line":451,"column":25},"end":{"line":451,"column":61}}},"44":{"name":"(anonymous_44)","line":491,"loc":{"start":{"line":491,"column":24},"end":{"line":491,"column":47}}},"45":{"name":"(anonymous_45)","line":496,"loc":{"start":{"line":496,"column":49},"end":{"line":496,"column":68}}},"46":{"name":"(anonymous_46)","line":509,"loc":{"start":{"line":509,"column":23},"end":{"line":509,"column":47}}},"47":{"name":"(anonymous_47)","line":575,"loc":{"start":{"line":575,"column":23},"end":{"line":575,"column":48}}},"48":{"name":"(anonymous_48)","line":586,"loc":{"start":{"line":586,"column":16},"end":{"line":586,"column":30}}},"49":{"name":"(anonymous_49)","line":594,"loc":{"start":{"line":594,"column":22},"end":{"line":594,"column":39}}},"50":{"name":"(anonymous_50)","line":595,"loc":{"start":{"line":595,"column":27},"end":{"line":595,"column":43}}},"51":{"name":"(anonymous_51)","line":607,"loc":{"start":{"line":607,"column":26},"end":{"line":607,"column":43}}},"52":{"name":"(anonymous_52)","line":609,"loc":{"start":{"line":609,"column":21},"end":{"line":609,"column":37}}},"53":{"name":"(anonymous_53)","line":612,"loc":{"start":{"line":612,"column":30},"end":{"line":612,"column":44}}},"54":{"name":"(anonymous_54)","line":624,"loc":{"start":{"line":624,"column":26},"end":{"line":624,"column":52}}},"55":{"name":"(anonymous_55)","line":628,"loc":{"start":{"line":628,"column":21},"end":{"line":628,"column":41}}},"56":{"name":"(anonymous_56)","line":657,"loc":{"start":{"line":657,"column":28},"end":{"line":657,"column":45}}},"57":{"name":"(anonymous_57)","line":659,"loc":{"start":{"line":659,"column":21},"end":{"line":659,"column":37}}},"58":{"name":"(anonymous_58)","line":674,"loc":{"start":{"line":674,"column":26},"end":{"line":674,"column":43}}},"59":{"name":"(anonymous_59)","line":676,"loc":{"start":{"line":676,"column":13},"end":{"line":676,"column":29}}},"60":{"name":"(anonymous_60)","line":677,"loc":{"start":{"line":677,"column":16},"end":{"line":677,"column":45}}},"61":{"name":"(anonymous_61)","line":682,"loc":{"start":{"line":682,"column":21},"end":{"line":682,"column":53}}},"62":{"name":"whitelistCreator","line":683,"loc":{"start":{"line":683,"column":6},"end":{"line":683,"column":48}}},"63":{"name":"buildObjectWhitelist","line":690,"loc":{"start":{"line":690,"column":6},"end":{"line":690,"column":47}}},"64":{"name":"cleanRecursive","line":703,"loc":{"start":{"line":703,"column":6},"end":{"line":703,"column":53}}},"65":{"name":"(anonymous_65)","line":732,"loc":{"start":{"line":732,"column":18},"end":{"line":732,"column":68}}},"66":{"name":"(anonymous_66)","line":741,"loc":{"start":{"line":741,"column":21},"end":{"line":741,"column":33}}},"67":{"name":"(anonymous_67)","line":746,"loc":{"start":{"line":746,"column":10},"end":{"line":746,"column":24}}},"68":{"name":"(anonymous_68)","line":752,"loc":{"start":{"line":752,"column":11},"end":{"line":752,"column":25}}},"69":{"name":"(anonymous_69)","line":761,"loc":{"start":{"line":761,"column":14},"end":{"line":761,"column":39}}},"70":{"name":"(anonymous_70)","line":767,"loc":{"start":{"line":767,"column":12},"end":{"line":767,"column":48}}},"71":{"name":"(anonymous_71)","line":778,"loc":{"start":{"line":778,"column":43},"end":{"line":778,"column":57}}},"72":{"name":"(anonymous_72)","line":815,"loc":{"start":{"line":815,"column":18},"end":{"line":815,"column":43}}},"73":{"name":"(anonymous_73)","line":827,"loc":{"start":{"line":827,"column":34},"end":{"line":827,"column":49}}},"74":{"name":"(anonymous_74)","line":828,"loc":{"start":{"line":828,"column":34},"end":{"line":828,"column":49}}},"75":{"name":"(anonymous_75)","line":829,"loc":{"start":{"line":829,"column":34},"end":{"line":829,"column":49}}},"76":{"name":"(anonymous_76)","line":830,"loc":{"start":{"line":830,"column":34},"end":{"line":830,"column":49}}},"77":{"name":"(anonymous_77)","line":831,"loc":{"start":{"line":831,"column":34},"end":{"line":831,"column":49}}},"78":{"name":"(anonymous_78)","line":832,"loc":{"start":{"line":832,"column":34},"end":{"line":832,"column":49}}},"79":{"name":"(anonymous_79)","line":912,"loc":{"start":{"line":912,"column":23},"end":{"line":912,"column":48}}},"80":{"name":"(anonymous_80)","line":972,"loc":{"start":{"line":972,"column":10},"end":{"line":972,"column":35}}},"81":{"name":"(anonymous_81)","line":976,"loc":{"start":{"line":976,"column":12},"end":{"line":976,"column":37}}},"82":{"name":"(anonymous_82)","line":1003,"loc":{"start":{"line":1003,"column":15},"end":{"line":1003,"column":40}}},"83":{"name":"(anonymous_83)","line":1020,"loc":{"start":{"line":1020,"column":15},"end":{"line":1020,"column":40}}},"84":{"name":"(anonymous_84)","line":1035,"loc":{"start":{"line":1035,"column":20},"end":{"line":1035,"column":45}}},"85":{"name":"(anonymous_85)","line":1051,"loc":{"start":{"line":1051,"column":14},"end":{"line":1051,"column":62}}},"86":{"name":"(anonymous_86)","line":1069,"loc":{"start":{"line":1069,"column":45},"end":{"line":1069,"column":62}}},"87":{"name":"(anonymous_87)","line":1080,"loc":{"start":{"line":1080,"column":9},"end":{"line":1080,"column":34}}},"88":{"name":"(anonymous_88)","line":1147,"loc":{"start":{"line":1147,"column":14},"end":{"line":1147,"column":31}}},"89":{"name":"(anonymous_89)","line":1149,"loc":{"start":{"line":1149,"column":13},"end":{"line":1149,"column":30}}},"90":{"name":"(anonymous_90)","line":1158,"loc":{"start":{"line":1158,"column":16},"end":{"line":1158,"column":33}}},"91":{"name":"(anonymous_91)","line":1162,"loc":{"start":{"line":1162,"column":40},"end":{"line":1162,"column":57}}}},"statementMap":{"1":{"start":{"line":10,"column":0},"end":{"line":1174,"column":82}},"2":{"start":{"line":22,"column":2},"end":{"line":37,"column":4}},"3":{"start":{"line":23,"column":4},"end":{"line":23,"column":47}},"4":{"start":{"line":25,"column":4},"end":{"line":27,"column":18}},"5":{"start":{"line":29,"column":4},"end":{"line":35,"column":5}},"6":{"start":{"line":30,"column":6},"end":{"line":34,"column":7}},"7":{"start":{"line":31,"column":8},"end":{"line":33,"column":9}},"8":{"start":{"line":32,"column":10},"end":{"line":32,"column":81}},"9":{"start":{"line":36,"column":4},"end":{"line":36,"column":63}},"10":{"start":{"line":39,"column":2},"end":{"line":39,"column":19}},"11":{"start":{"line":45,"column":2},"end":{"line":52,"column":4}},"12":{"start":{"line":46,"column":4},"end":{"line":50,"column":7}},"13":{"start":{"line":47,"column":6},"end":{"line":49,"column":7}},"14":{"start":{"line":48,"column":8},"end":{"line":48,"column":33}},"15":{"start":{"line":51,"column":4},"end":{"line":51,"column":15}},"16":{"start":{"line":54,"column":2},"end":{"line":757,"column":5}},"17":{"start":{"line":63,"column":8},"end":{"line":63,"column":72}},"18":{"start":{"line":64,"column":8},"end":{"line":66,"column":9}},"19":{"start":{"line":65,"column":10},"end":{"line":65,"column":46}},"20":{"start":{"line":67,"column":8},"end":{"line":67,"column":23}},"21":{"start":{"line":85,"column":6},"end":{"line":92,"column":16}},"22":{"start":{"line":94,"column":6},"end":{"line":96,"column":7}},"23":{"start":{"line":95,"column":8},"end":{"line":95,"column":53}},"24":{"start":{"line":99,"column":6},"end":{"line":141,"column":7}},"25":{"start":{"line":100,"column":8},"end":{"line":100,"column":55}},"26":{"start":{"line":106,"column":8},"end":{"line":106,"column":96}},"27":{"start":{"line":108,"column":8},"end":{"line":140,"column":9}},"28":{"start":{"line":109,"column":10},"end":{"line":109,"column":50}},"29":{"start":{"line":111,"column":10},"end":{"line":114,"column":11}},"30":{"start":{"line":112,"column":12},"end":{"line":112,"column":81}},"31":{"start":{"line":113,"column":12},"end":{"line":113,"column":35}},"32":{"start":{"line":116,"column":10},"end":{"line":116,"column":55}},"33":{"start":{"line":122,"column":10},"end":{"line":122,"column":103}},"34":{"start":{"line":123,"column":10},"end":{"line":125,"column":11}},"35":{"start":{"line":124,"column":12},"end":{"line":124,"column":21}},"36":{"start":{"line":126,"column":10},"end":{"line":139,"column":13}},"37":{"start":{"line":143,"column":6},"end":{"line":143,"column":21}},"38":{"start":{"line":149,"column":6},"end":{"line":149,"column":51}},"39":{"start":{"line":150,"column":6},"end":{"line":150,"column":55}},"40":{"start":{"line":151,"column":6},"end":{"line":151,"column":55}},"41":{"start":{"line":153,"column":6},"end":{"line":153,"column":47}},"42":{"start":{"line":155,"column":6},"end":{"line":159,"column":7}},"43":{"start":{"line":156,"column":8},"end":{"line":156,"column":46}},"44":{"start":{"line":158,"column":8},"end":{"line":158,"column":71}},"45":{"start":{"line":161,"column":6},"end":{"line":161,"column":52}},"46":{"start":{"line":169,"column":6},"end":{"line":169,"column":55}},"47":{"start":{"line":171,"column":6},"end":{"line":173,"column":8}},"48":{"start":{"line":172,"column":8},"end":{"line":172,"column":22}},"49":{"start":{"line":176,"column":6},"end":{"line":178,"column":7}},"50":{"start":{"line":177,"column":8},"end":{"line":177,"column":64}},"51":{"start":{"line":180,"column":6},"end":{"line":180,"column":71}},"52":{"start":{"line":182,"column":6},"end":{"line":193,"column":9}},"53":{"start":{"line":183,"column":8},"end":{"line":192,"column":11}},"54":{"start":{"line":184,"column":10},"end":{"line":184,"column":68}},"55":{"start":{"line":185,"column":10},"end":{"line":189,"column":11}},"56":{"start":{"line":186,"column":12},"end":{"line":186,"column":77}},"57":{"start":{"line":188,"column":12},"end":{"line":188,"column":32}},"58":{"start":{"line":191,"column":10},"end":{"line":191,"column":22}},"59":{"start":{"line":197,"column":6},"end":{"line":200,"column":9}},"60":{"start":{"line":201,"column":6},"end":{"line":201,"column":64}},"61":{"start":{"line":211,"column":6},"end":{"line":222,"column":46}},"62":{"start":{"line":213,"column":8},"end":{"line":215,"column":9}},"63":{"start":{"line":214,"column":10},"end":{"line":214,"column":22}},"64":{"start":{"line":217,"column":8},"end":{"line":221,"column":11}},"65":{"start":{"line":218,"column":10},"end":{"line":220,"column":13}},"66":{"start":{"line":219,"column":12},"end":{"line":219,"column":41}},"67":{"start":{"line":222,"column":37},"end":{"line":222,"column":41}},"68":{"start":{"line":234,"column":6},"end":{"line":234,"column":45}},"69":{"start":{"line":235,"column":6},"end":{"line":237,"column":7}},"70":{"start":{"line":236,"column":8},"end":{"line":236,"column":40}},"71":{"start":{"line":238,"column":6},"end":{"line":238,"column":19}},"72":{"start":{"line":244,"column":6},"end":{"line":244,"column":56}},"73":{"start":{"line":249,"column":6},"end":{"line":249,"column":41}},"74":{"start":{"line":255,"column":6},"end":{"line":255,"column":50}},"75":{"start":{"line":260,"column":6},"end":{"line":260,"column":40}},"76":{"start":{"line":265,"column":6},"end":{"line":265,"column":33}},"77":{"start":{"line":270,"column":6},"end":{"line":270,"column":33}},"78":{"start":{"line":275,"column":6},"end":{"line":275,"column":47}},"79":{"start":{"line":281,"column":6},"end":{"line":281,"column":41}},"80":{"start":{"line":285,"column":6},"end":{"line":285,"column":39}},"81":{"start":{"line":289,"column":6},"end":{"line":291,"column":7}},"82":{"start":{"line":290,"column":8},"end":{"line":290,"column":21}},"83":{"start":{"line":293,"column":6},"end":{"line":295,"column":7}},"84":{"start":{"line":294,"column":8},"end":{"line":294,"column":21}},"85":{"start":{"line":297,"column":6},"end":{"line":299,"column":7}},"86":{"start":{"line":298,"column":8},"end":{"line":298,"column":20}},"87":{"start":{"line":303,"column":6},"end":{"line":311,"column":7}},"88":{"start":{"line":304,"column":8},"end":{"line":304,"column":40}},"89":{"start":{"line":306,"column":8},"end":{"line":310,"column":41},"skip":true},"90":{"start":{"line":315,"column":6},"end":{"line":315,"column":15}},"91":{"start":{"line":318,"column":6},"end":{"line":320,"column":7}},"92":{"start":{"line":319,"column":8},"end":{"line":319,"column":20}},"93":{"start":{"line":323,"column":6},"end":{"line":325,"column":7}},"94":{"start":{"line":324,"column":8},"end":{"line":324,"column":21}},"95":{"start":{"line":328,"column":6},"end":{"line":330,"column":7}},"96":{"start":{"line":329,"column":8},"end":{"line":329,"column":49}},"97":{"start":{"line":333,"column":6},"end":{"line":335,"column":7}},"98":{"start":{"line":334,"column":8},"end":{"line":334,"column":34}},"99":{"start":{"line":338,"column":6},"end":{"line":340,"column":7}},"100":{"start":{"line":339,"column":8},"end":{"line":339,"column":21}},"101":{"start":{"line":343,"column":6},"end":{"line":348,"column":7}},"102":{"start":{"line":344,"column":8},"end":{"line":346,"column":9}},"103":{"start":{"line":345,"column":10},"end":{"line":345,"column":23}},"104":{"start":{"line":347,"column":8},"end":{"line":347,"column":20}},"105":{"start":{"line":350,"column":6},"end":{"line":350,"column":19}},"106":{"start":{"line":361,"column":6},"end":{"line":363,"column":7}},"107":{"start":{"line":362,"column":8},"end":{"line":362,"column":19}},"108":{"start":{"line":364,"column":6},"end":{"line":370,"column":9}},"109":{"start":{"line":365,"column":8},"end":{"line":369,"column":9}},"110":{"start":{"line":366,"column":10},"end":{"line":366,"column":33}},"111":{"start":{"line":368,"column":10},"end":{"line":368,"column":34}},"112":{"start":{"line":380,"column":6},"end":{"line":387,"column":7}},"113":{"start":{"line":382,"column":8},"end":{"line":386,"column":9}},"114":{"start":{"line":383,"column":10},"end":{"line":383,"column":26}},"115":{"start":{"line":385,"column":10},"end":{"line":385,"column":68}},"116":{"start":{"line":389,"column":6},"end":{"line":391,"column":7}},"117":{"start":{"line":390,"column":8},"end":{"line":390,"column":73}},"118":{"start":{"line":390,"column":37},"end":{"line":390,"column":58}},"119":{"start":{"line":393,"column":6},"end":{"line":395,"column":7}},"120":{"start":{"line":394,"column":8},"end":{"line":394,"column":30}},"121":{"start":{"line":398,"column":6},"end":{"line":398,"column":21}},"122":{"start":{"line":400,"column":6},"end":{"line":411,"column":23}},"123":{"start":{"line":409,"column":10},"end":{"line":409,"column":50}},"124":{"start":{"line":415,"column":6},"end":{"line":415,"column":31}},"125":{"start":{"line":419,"column":6},"end":{"line":419,"column":39}},"126":{"start":{"line":423,"column":6},"end":{"line":423,"column":58}},"127":{"start":{"line":429,"column":6},"end":{"line":429,"column":76}},"128":{"start":{"line":433,"column":6},"end":{"line":435,"column":7}},"129":{"start":{"line":434,"column":8},"end":{"line":434,"column":21}},"130":{"start":{"line":436,"column":6},"end":{"line":438,"column":7}},"131":{"start":{"line":437,"column":8},"end":{"line":437,"column":41}},"132":{"start":{"line":439,"column":6},"end":{"line":439,"column":26}},"133":{"start":{"line":443,"column":6},"end":{"line":445,"column":7}},"134":{"start":{"line":444,"column":8},"end":{"line":444,"column":21}},"135":{"start":{"line":446,"column":6},"end":{"line":448,"column":9}},"136":{"start":{"line":447,"column":8},"end":{"line":447,"column":42}},"137":{"start":{"line":452,"column":6},"end":{"line":454,"column":7}},"138":{"start":{"line":453,"column":8},"end":{"line":453,"column":25}},"139":{"start":{"line":456,"column":6},"end":{"line":458,"column":25}},"140":{"start":{"line":460,"column":6},"end":{"line":486,"column":7}},"141":{"start":{"line":461,"column":8},"end":{"line":485,"column":9}},"142":{"start":{"line":463,"column":12},"end":{"line":469,"column":13}},"143":{"start":{"line":464,"column":14},"end":{"line":464,"column":29}},"144":{"start":{"line":465,"column":14},"end":{"line":465,"column":25}},"145":{"start":{"line":467,"column":14},"end":{"line":467,"column":52}},"146":{"start":{"line":468,"column":14},"end":{"line":468,"column":23}},"147":{"start":{"line":470,"column":12},"end":{"line":470,"column":18}},"148":{"start":{"line":473,"column":12},"end":{"line":478,"column":13}},"149":{"start":{"line":474,"column":14},"end":{"line":474,"column":29}},"150":{"start":{"line":475,"column":14},"end":{"line":475,"column":26}},"151":{"start":{"line":477,"column":14},"end":{"line":477,"column":28}},"152":{"start":{"line":479,"column":12},"end":{"line":479,"column":18}},"153":{"start":{"line":482,"column":12},"end":{"line":482,"column":27}},"154":{"start":{"line":483,"column":12},"end":{"line":483,"column":30}},"155":{"start":{"line":484,"column":12},"end":{"line":484,"column":18}},"156":{"start":{"line":488,"column":6},"end":{"line":488,"column":41}},"157":{"start":{"line":492,"column":6},"end":{"line":494,"column":7}},"158":{"start":{"line":493,"column":8},"end":{"line":493,"column":25}},"159":{"start":{"line":496,"column":6},"end":{"line":500,"column":9}},"160":{"start":{"line":497,"column":8},"end":{"line":499,"column":9}},"161":{"start":{"line":498,"column":10},"end":{"line":498,"column":26}},"162":{"start":{"line":510,"column":6},"end":{"line":516,"column":16}},"163":{"start":{"line":518,"column":6},"end":{"line":520,"column":7}},"164":{"start":{"line":519,"column":8},"end":{"line":519,"column":23}},"165":{"start":{"line":522,"column":6},"end":{"line":524,"column":7}},"166":{"start":{"line":523,"column":8},"end":{"line":523,"column":22}},"167":{"start":{"line":526,"column":6},"end":{"line":526,"column":30}},"168":{"start":{"line":528,"column":6},"end":{"line":528,"column":68}},"169":{"start":{"line":529,"column":6},"end":{"line":553,"column":7}},"170":{"start":{"line":530,"column":8},"end":{"line":530,"column":31}},"171":{"start":{"line":532,"column":8},"end":{"line":534,"column":9}},"172":{"start":{"line":533,"column":10},"end":{"line":533,"column":19}},"173":{"start":{"line":536,"column":8},"end":{"line":536,"column":58}},"174":{"start":{"line":537,"column":8},"end":{"line":551,"column":9}},"175":{"start":{"line":538,"column":10},"end":{"line":538,"column":40}},"176":{"start":{"line":539,"column":15},"end":{"line":551,"column":9}},"177":{"start":{"line":540,"column":10},"end":{"line":546,"column":11}},"178":{"start":{"line":541,"column":12},"end":{"line":543,"column":13}},"179":{"start":{"line":542,"column":14},"end":{"line":542,"column":49}},"180":{"start":{"line":545,"column":12},"end":{"line":545,"column":34}},"181":{"start":{"line":547,"column":15},"end":{"line":551,"column":9}},"182":{"start":{"line":548,"column":10},"end":{"line":550,"column":11}},"183":{"start":{"line":549,"column":12},"end":{"line":549,"column":47}},"184":{"start":{"line":552,"column":8},"end":{"line":552,"column":35}},"185":{"start":{"line":555,"column":6},"end":{"line":555,"column":53}},"186":{"start":{"line":556,"column":6},"end":{"line":570,"column":7}},"
[...]
,"45":0,"46":0,"47":0,"48":0,"49":0,"50":0,"51":0,"52":0,"53":0,"54":0,"55":0,"56":0,"57":0,"58":0,"59":0,"60":0,"61":0,"62":0,"63":0,"64":0,"65":0,"66":0,"67":0,"68":0,"69":0,"70":0,"71":0,"72":0,"73":0,"74":0,"75":0,"76":0,"77":0,"78":0,"79":0,"80":0,"81":0,"82":0,"83":0,"84":0,"85":0,"86":0,"87":0,"88":0,"89":0,"90":0,"91":0,"92":0,"93":0,"94":0,"95":0,"96":0,"97":0,"98":0,"99":0,"100":0,"101":0,"102":0,"103":0,"104":0,"105":0,"106":0,"107":0,"108":0,"109":0,"110":0,"111":0,"112":0,"113":0,"114":0,"115":0,"116":0,"117":0,"118":0,"119":0,"120":0,"121":0,"122":0,"123":0,"124":0,"125":0,"126":0,"127":0},"b":{},"f":{"1":0,"2":0,"3":0,"4":0,"5":0,"6":0,"7":0,"8":0,"9":0,"10":0,"11":0,"12":0},"fnMap":{"1":{"name":"(anonymous_1)","line":1,"loc":{"start":{"line":1,"column":27},"end":{"line":1,"column":38}}},"2":{"name":"(anonymous_2)","line":5,"loc":{"start":{"line":5,"column":12},"end":{"line":5,"column":23}}},"3":{"name":"(anonymous_3)","line":10,"loc":{"start":{"line":10,"column":28},"end":{"line":10,"column":39}}},"4":{"name":"(anonymous_4)","line":15,"loc":{"start":{"line":15,"column":34},"end":{"line":15,"column":45}}},"5":{"name":"(anonymous_5)","line":21,"loc":{"start":{"line":21,"column":37},"end":{"line":21,"column":48}}},"6":{"name":"(anonymous_6)","line":66,"loc":{"start":{"line":66,"column":26},"end":{"line":66,"column":37}}},"7":{"name":"(anonymous_7)","line":110,"loc":{"start":{"line":110,"column":63},"end":{"line":110,"column":74}}},"8":{"name":"(anonymous_8)","line":121,"loc":{"start":{"line":121,"column":44},"end":{"line":121,"column":55}}},"9":{"name":"(anonymous_9)","line":128,"loc":{"start":{"line":128,"column":50},"end":{"line":128,"column":61}}},"10":{"name":"(anonymous_10)","line":136,"loc":{"start":{"line":136,"column":33},"end":{"line":136,"column":44}}},"11":{"name":"(anonymous_11)","line":145,"loc":{"start":{"line":145,"column":37},"end":{"line":145,"column":48}}},"12":{"name":"(anonymous_12)","line":146,"loc":{"start":{"line":146,"column":18},"end":{"line":146,"column":29}}}},"statementMap":{"1":{"start":{"line":1,"column":0},"end":{"line":151,"column":3}},"2":{"start":{"line":2,"column":2},"end":{"line":2,"column":36}},"3":{"start":{"line":3,"column":2},"end":{"line":3,"column":22}},"4":{"start":{"line":5,"column":2},"end":{"line":8,"column":5}},"5":{"start":{"line":6,"column":4},"end":{"line":6,"column":43}},"6":{"start":{"line":7,"column":4},"end":{"line":7,"column":43}},"7":{"start":{"line":10,"column":2},"end":{"line":13,"column":5}},"8":{"start":{"line":11,"column":4},"end":{"line":11,"column":44}},"9":{"start":{"line":12,"column":4},"end":{"line":12,"column":49}},"10":{"start":{"line":15,"column":2},"end":{"line":19,"column":5}},"11":{"start":{"line":16,"column":4},"end":{"line":16,"column":40}},"12":{"start":{"line":17,"column":4},"end":{"line":17,"column":40}},"13":{"start":{"line":18,"column":4},"end":{"line":18,"column":57}},"14":{"start":{"line":21,"column":2},"end":{"line":64,"column":5}},"15":{"start":{"line":22,"column":4},"end":{"line":22,"column":40}},"16":{"start":{"line":24,"column":4},"end":{"line":24,"column":38}},"17":{"start":{"line":25,"column":4},"end":{"line":25,"column":39}},"18":{"start":{"line":26,"column":4},"end":{"line":26,"column":45}},"19":{"start":{"line":27,"column":4},"end":{"line":27,"column":46}},"20":{"start":{"line":28,"column":4},"end":{"line":28,"column":47}},"21":{"start":{"line":29,"column":4},"end":{"line":29,"column":48}},"22":{"start":{"line":30,"column":4},"end":{"line":30,"column":46}},"23":{"start":{"line":31,"column":4},"end":{"line":31,"column":47}},"24":{"start":{"line":32,"column":4},"end":{"line":32,"column":48}},"25":{"start":{"line":33,"column":4},"end":{"line":33,"column":46}},"26":{"start":{"line":34,"column":4},"end":{"line":34,"column":47}},"27":{"start":{"line":35,"column":4},"end":{"line":35,"column":48}},"28":{"start":{"line":36,"column":4},"end":{"line":36,"column":79}},"29":{"start":{"line":37,"column":4},"end":{"line":37,"column":40}},"30":{"start":{"line":38,"column":4},"end":{"line":38,"column":41}},"31":{"start":{"line":39,"column":4},"end":{"line":39,"column":42}},"32":{"start":{"line":40,"column":4},"end":{"line":40,"column":41}},"33":{"start":{"line":41,"column":4},"end":{"line":41,"column":47}},"34":{"start":{"line":42,"column":4},"end":{"line":42,"column":45}},"35":{"start":{"line":43,"column":4},"end":{"line":43,"column":49}},"36":{"start":{"line":44,"column":4},"end":{"line":44,"column":46}},"37":{"start":{"line":45,"column":4},"end":{"line":45,"column":60}},"38":{"start":{"line":46,"column":4},"end":{"line":46,"column":53}},"39":{"start":{"line":47,"column":4},"end":{"line":47,"column":69}},"40":{"start":{"line":48,"column":4},"end":{"line":48,"column":53}},"41":{"start":{"line":49,"column":4},"end":{"line":49,"column":61}},"42":{"start":{"line":50,"column":4},"end":{"line":50,"column":52}},"43":{"start":{"line":51,"column":4},"end":{"line":51,"column":52}},"44":{"start":{"line":52,"column":4},"end":{"line":52,"column":52}},"45":{"start":{"line":53,"column":4},"end":{"line":53,"column":53}},"46":{"start":{"line":54,"column":4},"end":{"line":54,"column":55}},"47":{"start":{"line":55,"column":4},"end":{"line":55,"column":54}},"48":{"start":{"line":56,"column":4},"end":{"line":56,"column":54}},"49":{"start":{"line":57,"column":4},"end":{"line":57,"column":56}},"50":{"start":{"line":58,"column":4},"end":{"line":58,"column":55}},"51":{"start":{"line":59,"column":4},"end":{"line":59,"column":58}},"52":{"start":{"line":60,"column":4},"end":{"line":60,"column":58}},"53":{"start":{"line":61,"column":4},"end":{"line":61,"column":59}},"54":{"start":{"line":62,"column":4},"end":{"line":62,"column":53}},"55":{"start":{"line":63,"column":4},"end":{"line":63,"column":54}},"56":{"start":{"line":66,"column":2},"end":{"line":108,"column":5}},"57":{"start":{"line":67,"column":4},"end":{"line":67,"column":56}},"58":{"start":{"line":68,"column":4},"end":{"line":68,"column":57}},"59":{"start":{"line":69,"column":4},"end":{"line":69,"column":66}},"60":{"start":{"line":70,"column":4},"end":{"line":70,"column":67}},"61":{"start":{"line":71,"column":4},"end":{"line":71,"column":78}},"62":{"start":{"line":72,"column":4},"end":{"line":72,"column":86}},"63":{"start":{"line":73,"column":4},"end":{"line":73,"column":66}},"64":{"start":{"line":74,"column":4},"end":{"line":74,"column":69}},"65":{"start":{"line":75,"column":4},"end":{"line":75,"column":79}},"66":{"start":{"line":76,"column":4},"end":{"line":76,"column":91}},"67":{"start":{"line":77,"column":4},"end":{"line":77,"column":91}},"68":{"start":{"line":78,"column":4},"end":{"line":78,"column":59}},"69":{"start":{"line":79,"column":4},"end":{"line":79,"column":81}},"70":{"start":{"line":80,"column":4},"end":{"line":80,"column":82}},"71":{"start":{"line":81,"column":4},"end":{"line":81,"column":67}},"72":{"start":{"line":82,"column":4},"end":{"line":82,"column":68}},"73":{"start":{"line":83,"column":4},"end":{"line":83,"column":72}},"74":{"start":{"line":84,"column":4},"end":{"line":84,"column":73}},"75":{"start":{"line":85,"column":4},"end":{"line":85,"column":76}},"76":{"start":{"line":86,"column":4},"end":{"line":86,"column":77}},"77":{"start":{"line":87,"column":4},"end":{"line":87,"column":60}},"78":{"start":{"line":88,"column":4},"end":{"line":88,"column":65}},"79":{"start":{"line":89,"column":4},"end":{"line":89,"column":55}},"80":{"start":{"line":90,"column":4},"end":{"line":90,"column":53}},"81":{"start":{"line":91,"column":4},"end":{"line":91,"column":54}},"82":{"start":{"line":92,"column":4},"end":{"line":92,"column":80}},"83":{"start":{"line":93,"column":4},"end":{"line":93,"column":85}},"84":{"start":{"line":94,"column":4},"end":{"line":94,"column":78}},"85":{"start":{"line":95,"column":4},"end":{"line":95,"column":81}},"86":{"start":{"line":96,"column":4},"end":{"line":96,"column":64}},"87":{"start":{"line":97,"column":4},"end":{"line":97,"column":89}},"88":{"start":{"line":98,"column":4},"end":{"line":98,"column":53}},"89":{"start":{"line":99,"column":4},"end":{"line":99,"column":86}},"90":{"start":{"line":100,"column":4},"end":{"line":100,"column":60}},"91":{"start":{"line":101,"column":4},"end":{"line":101,"column":54}},"92":{"start":{"line":102,"column":4},"end":{"line":102,"column":63}},"93":{"start":{"line":103,"column":4},"end":{"line":103,"column":92}},"94":{"start":{"line":104,"column":4},"end":{"line":104,"column":57}},"95":{"start":{"line":105,"column":4},"end":{"line":105,"column":57}},"96":{"start":{"line":106,"column":4},"end":{"line":106,"column":64}},"97":{"start":{"line":107,"column":4},"end":{"line":107,"column":59}},"98":{"start":{"line":110,"column":2},"end":{"line":119,"column":5}},"99":{"start":{"line":111,"column":4},"end":{"line":111,"column":73}},"100":{"start":{"line":112,"column":4},"end":{"line":112,"column":77}},"101":{"start":{"line":113,"column":4},"end":{"line":113,"column":78}},"102":{"start":{"line":114,"column":4},"end":{"line":114,"column":78}},"103":{"start":{"line":115,"column":4},"end":{"line":115,"column":83}},"104":{"start":{"line":117,"column":4},"end":{"line":117,"column":96}},"105":{"start":{"line":118,"column":4},"end":{"line":118,"column":100}},"106":{"start":{"line":121,"column":2},"end":{"line":126,"column":5}},"107":{"start":{"line":122,"column":4},"end":{"line":122,"column":45}},"108":{"start":{"line":123,"column":4},"end":{"line":123,"column":64}},"109":{"start":{"line":124,"column":4},"end":{"line":124,"column":65}},"110":{"start":{"line":125,"column":4},"end":{"line":125,"column":61}},"111":{"start":{"line":128,"column":2},"end":{"line":134,"column":5}},"112":{"start":{"line":129,"column":4},"end":{"line":129,"column":62}},"113":{"start":{"line":130,"column":4},"end":{"line":130,"column":63}},"114":{"start":{"line":132,"column":4},"end":{"line":132,"column":52}},"115":{"start":{"line":133,"column":4},"end":{"line":133,"column":65}},"116":{"start":{"line":136,"column":2},"end":{"line":143,"column":5}},"117":{"start":{"line":137,"column":4},"end":{"line":137,"column":99}},"118":{"start":{"line":138,"column":4},"end":{"line":138,"column":79}},"119":{"start":{"line":139,"column":4},"end":{"line":139,"column":50}},"120":{"start":{"line":140,"column":4},"end":{"line":140,"column":45}},"121":{"start":{"line":141,"column":4},"end":{"line":141,"column":114}},"122":{"start":{"line":142,"column":4},"end":{"line":142,"column":90}},"123":{"start":{"line":145,"column":2},"end":{"line":150,"column":5}},"124":{"start":{"line":146,"column":4},"end":{"line":146,"column":47}},"125":{"start":{"line":146,"column":31},"end":{"line":146,"column":44}},"126":{"start":{"line":147,"column":4},"end":{"line":148,"column":22}},"127":{"start":{"line":149,"column":4},"end":{"line":149,"column":46}}},"branchMap":{},"code":["describe(\"validators.url\", function() {","  var url = validate.validators.url;","  url = url.bind(url);","","  afterEach(function() {","    delete validate.validators.url.message;","    delete validate.validators.url.options;","  });","","  it(\"allows empty values\", function() {","    expect(url(null, {})).not.toBeDefined();","    expect(url(undefined, {})).not.toBeDefined();","  });","","  it(\"doesn't allow non strings\", function() {","    expect(url(3.14, {})).toBeDefined();","    expect(url(true, {})).toBeDefined();","    expect(url({key: \"i'm a string\"}, {})).toBeDefined();","  });","","  it(\"doesn't allow 'invalid' urls\", function() {","    var expected = \"is not a valid url\";","","    expect(url(\"\", {})).toBeDefined();","    expect(url(\" \", {})).toBeDefined();","    expect(url(\"http://\", {})).toBeDefined();","    expect(url(\"http://.\", {})).toBeDefined();","    expect(url(\"http://..\", {})).toBeDefined();","    expect(url(\"http://../\", {})).toBeDefined();","    expect(url(\"http://?\", {})).toBeDefined();","    expect(url(\"http://??\", {})).toBeDefined();","    expect(url(\"http://??/\", {})).toBeDefined();","    expect(url(\"http://#\", {})).toBeDefined();","    expect(url(\"http://##\", {})).toBeDefined();","    expect(url(\"http://##/\", {})).toBeDefined();","    expect(url(\"http://foo.bar?q=Spaces should be encoded\", {})).toBeDefined();","    expect(url(\"//\", {})).toBeDefined();","    expect(url(\"//a\", {})).toBeDefined();","    expect(url(\"///a\", {})).toBeDefined();","    expect(url(\"///\", {})).toBeDefined();","    expect(url(\"http:///a\", {})).toBeDefined();","    expect(url(\"foo.com\", {})).toBeDefined();","    expect(url(\"rdar://1234\", {})).toBeDefined();","    expect(url(\"h://test\", {})).toBeDefined();","    expect(url(\"http:// shouldfail.com\", {})).toBeDefined();","    expect(url(\":// should fail\", {})).toBeDefined();","    expect(url(\"http://foo.bar/foo(bar)baz quux\", {})).toBeDefined();","    expect(url(\"ftps://foo.bar/\", {})).toBeDefined();","    expect(url(\"http://-error-.invalid/\", {})).toBeDefined();","    expect(url(\"http://-a.b.co\", {})).toBeDefined();","    expect(url(\"http://a.b-.co\", {})).toBeDefined();","    expect(url(\"http://0.0.0.0\", {})).toBeDefined();","    expect(url(\"http://10.1.1.0\", {})).toBeDefined();","    expect(url(\"http://10.1.1.255\", {})).toBeDefined();","    expect(url(\"http://224.1.1.1\", {})).toBeDefined();","    expect(url(\"http://1.1.1.1.1\", {})).toBeDefined();","    expect(url(\"http://123.123.123\", {})).toBeDefined();","    expect(url(\"http://3628126748\", {})).toBeDefined();","    expect(url(\"http://.www.foo.bar/\", {})).toBeDefined();","    expect(url(\"http://www.foo.bar./\", {})).toBeDefined();","    expect(url(\"http://.www.foo.bar./\", {})).toBeDefined();","    expect(url(\"http://10.1.1.1\", {})).toBeDefined();","    expect(url(\"http://localhost\", {})).toBeDefined();","  });","","  it(\"allows valid urls\", function() {","    expect(url(\"http://foo.com\", {})).not.toBeDefined();","    expect(url(\"http://foo.com/\", {})).not.toBeDefined();","    expect(url(\"http://foo.com/blah_blah\", {})).not.toBeDefined();","    expect(url(\"http://foo.com/blah_blah/\", {})).not.toBeDefined();","    expect(url(\"http://foo.com/blah_blah_(wikipedia)\", {})).not.toBeDefined();","    expect(url(\"http://foo.com/blah_blah_(wikipedia)_(again)\", {})).not.toBeDefined();","    expect(url(\"http://foo.com?query=bar\", {})).not.toBeDefined();","    expect(url(\"http://foo.com#fragment=bar\", {})).not.toBeDefined();","    expect(url(\"http://www.example.com/wpstyle/?p=364\", {})).not.toBeDefined();","    expect(url(\"https://www.example.com/foo/?bar=baz&inga=42&quux\", {})).not.toBeDefined();","    expect(url(\"https://www.example.com/foo/#bar=baz&inga=42&quux\", {})).not.toBeDefined();","    expect(url(\"http://✪df.ws/123\", {})).not.toBeDefined();","    expect(url(\"http://userid:password@example.com:8080\", {})).not.toBeDefined();","    expect(url(\"http://userid:password@example.com:8080/\", {})).not.toBeDefined();","    expect(url(\"http://userid@example.com\", {})).not.toBeDefined();","    expect(url(\"http://userid@example.com/\", {})).not.toBeDefined();","    expect(url(\"http://userid@example.com:8080\", {})).not.toBeDefined();","    expect(url(\"http://userid@example.com:8080/\", {})).not.toBeDefined();","    expect(url(\"http://userid:password@example.com\", {})).not.toBeDefined();","    expect(url(\"http://userid:password@example.com/\", {})).not.toBeDefined();","    expect(url(\"http://142.42.1.1/\", {})).not.toBeDefined();","    expect(url(\"http://142.42.1.1:8080/\", {})).not.toBeDefined();","    expect(url(\"http://➡.ws/䨹\", {})).not.toBeDefined();","    expect(url(\"http://⌘.ws\", {})).not.toBeDefined();","    expect(url(\"http://⌘.ws/\", {})).not.toBeDefined();","    expect(url(\"http://foo.com/blah_(wikipedia)#cite-1\", {})).not.toBeDefined();","    expect(url(\"http://foo.com/blah_(wikipedia)_blah#cite-1\", {})).not.toBeDefined();","    expect(url(\"http://foo.com/unicode_(✪)_in_parens\", {})).not.toBeDefined();","    expect(url(\"http://foo.com/(something)?after=parens\", {})).not.toBeDefined();","    expect(url(\"http://☺.damowmow.com/\", {})).not.toBeDefined();","    expect(url(\"http://code.google.com/events/#&product=browser\", {})).not.toBeDefined();","    expect(url(\"http://j.mp\", {})).not.toBeDefined();","    expect(url(\"http://foo.bar/?q=Test%20URL-encoded%20stuff\", {})).not.toBeDefined();","    expect(url(\"http://مثال.إختبار\", {})).not.toBeDefined();","    expect(url(\"http://例子.测试\", {})).not.toBeDefined();","    expect(url(\"http://उदाहरण.परीक्षा\", {})).not.toBeDefined();","    expect(url(\"http://-.~_!$&'()*+,;=:%40:80%2f::::::@example.com\", {})).not.toBeDefined();","    expect(url(\"http://1337.net\", {})).not.toBeDefined();","    expect(url(\"http://a.b-c.de\", {})).not.toBeDefined();","    expect(url(\"http://223.255.255.254\", {})).not.toBeDefined();","    expect(url(\"http://a.b--c.de/\", {})).not.toBeDefined();","  });","","  it(\"allows local url and private networks if option is set\", function() {","    expect(url(\"http://10.1.1.1\", {allowLocal: true})).not.toBeDefined();","    expect(url(\"http://172.16.1.123\", {allowLocal: true})).not.toBeDefined();","    expect(url(\"http://192.168.1.123\", {allowLocal: true})).not.toBeDefined();","    expect(url(\"http://localhost/foo\", {allowLocal: true})).not.toBeDefined();","    expect(url(\"http://localhost:4711/foo\", {allowLocal: true})).not.toBeDefined();","    // Issue #95","    expect(url(\"http://servername01:8153/go/cctray.xml\", {allowLocal: true})).not.toBeDefined();","    expect(url(\"http://nicklas:password@localhost:4711/foo\", {allowLocal: true})).not.toBeDefined();","  });","","  it(\"allows custom schemes option is set\", function() {","    var options = {schemes: ['ftp', 'jdbc']};","    expect(url(\"ftp://foo.bar.com\", options)).not.toBeDefined();","    expect(url(\"jdbc://foo.bar.com\", options)).not.toBeDefined();","    expect(url(\"http://foo.bar.com\", options)).toBeDefined();","  });","","  it(\"allows you to customize the error message\", function() {","    validate.validators.url.message = \"is totally not an url\";","    expect(url(\"foobar\", {})).toEqual(\"is totally not an url\");","","    var options = { message: \"is not an url dude\" };","    expect(url(\"foobar\", options)).toEqual(\"is not an url dude\");","  });","","  it(\"supports default options\", function() {","    validate.validators.url.options = {message: \"barfoo\", allowLocal: true, schemes: ['myscheme']};","    var options = {message: 'foobar', allowLocal: true, schemes: ['myscheme']};","    expect(url(\"foo\", options)).toEqual('foobar');","    expect(url(\"foo\", {})).toEqual('barfoo');","    expect(validate.validators.url.options).toEqual({message: \"barfoo\", allowLocal: true, schemes: ['myscheme']});","    expect(options).toEqual({message: \"foobar\", allowLocal: true, schemes: ['myscheme']});","  });","","  it(\"allows functions as messages\", function() {","    var message = function() { return \"foo\"; };","    var options = {message: message}","      , value = \"foo\";","    expect(url(value, options)).toBe(message);","  });","});",""],"l":{"1":2,"2":0,"3":0,"5":0,"6":0,"7":0,"10":0,"11":0,"12":0,"15":0,"16":0,"17":0,"18":0,"21":0,"22":0,"24":0,"25":0,"26":0,"27":0,"28":0,"29":0,"30":0,"31":0,"32":0,"33":0,"34":0,"35":0,"36":0,"37":0,"38":0,"39":0,"40":0,"41":0,"42":0,"43":0,"44":0,"45":0,"46":0,"47":0,"48":0,"49":0,"50":0,"51":0,"52":0,"53":0,"54":0,"55":0,"56":0,"57":0,"58":0,"59":0,"60":0,"61":0,"62":0,"63":0,"66":0,"67":0,"68":0,"69":0,"70":0,"71":0,"72":0,"73":0,"74":0,"75":0,"76":0,"77":0,"78":0,"79":0,"80":0,"81":0,"82":0,"83":0,"84":0,"85":0,"86":0,"87":0,"88":0,"89":0,"90":0,"91":0,"92":0,"93":0,"94":0,"95":0,"96":0,"97":0,"98":0,"99":0,"100":0,"101":0,"102":0,"103":0,"104":0,"105":0,"106":0,"107":0,"110":0,"111":0,"112":0,"113":0,"114":0,"115":0,"117":0,"118":0,"121":0,"122":0,"123":0,"124":0,"125":0,"128":0,"129":0,"130":0,"132":0,"133":0,"136":0,"137":0,"138":0,"139":0,"140":0,"141":0,"142":0,"145":0,"146":0,"147":0,"149":0}}}